#
# A fatal error has been detected by the Java Runtime Environment:
#
#  SIGSEGV (0xb) at pc=0x00007f8264706686, pid=8868, tid=8909
#
# JRE version: OpenJDK Runtime Environment (17.0.5+8) (build 17.0.5+8-Ubuntu-2ubuntu122.04)
# Java VM: OpenJDK 64-Bit Server VM (17.0.5+8-Ubuntu-2ubuntu122.04, mixed mode, sharing, tiered, compressed oops, compressed class ptrs, g1 gc, linux-amd64)
# Problematic frame:
# V  [libjvm.so+0x6e0686]
#
# Core dump will be written. Default location: Core dumps may be processed with "/usr/share/apport/apport -p%p -s%s -c%c -d%d -P%P -u%u -g%g -- %E" (or dumping to /home/unknow/OracleNextEducation/java_e_orientacao_a_objetos/java_excecoes/bytebank-herdado-conta/src/core.8868)
#
# If you would like to submit a bug report, please visit:
#   Unknown
#

---------------  S U M M A R Y ------------

Command Line: -Dfile.encoding=UTF-8 -Declipse.application=org.eclipse.jdt.ls.core.id1 -Dosgi.bundles.defaultStartLevel=4 -Declipse.product=org.eclipse.jdt.ls.core.product -Dlog.level=ALL /home/unknow/.vim/bundle/YouCompleteMe/third_party/ycmd/third_party/eclipse.jdt.ls/target/repository/plugins/org.eclipse.equinox.launcher_1.6.400.v20210924-0641.jar -configuration /home/unknow/.vim/bundle/YouCompleteMe/third_party/ycmd/third_party/eclipse.jdt.ls/workspace/config_linux -data /home/unknow/.vim/bundle/YouCompleteMe/third_party/ycmd/third_party/eclipse.jdt.ls/workspace/temp/tmpigzurhr1

Host: Intel(R) Core(TM) i5-9400F CPU @ 2.90GHz, 6 cores, 15G, Ubuntu 22.04.1 LTS
Time: Sun Dec 18 21:22:25 2022 -03 elapsed time: 2.705157 seconds (0d 0h 0m 2s)

---------------  T H R E A D  ---------------

Current thread (0x00007f8230000ea0):  ConcurrentGCThread "G1 Conc#1" [stack: 0x00007f822c700000,0x00007f822c800000] [id=8909]

Stack: [0x00007f822c700000,0x00007f822c800000],  sp=0x00007f822c7feb70,  free space=1018k
Native frames: (J=compiled Java code, j=interpreted, Vv=VM code, C=native code)
V  [libjvm.so+0x6e0686]
V  [libjvm.so+0x708669]
V  [libjvm.so+0x704c61]
V  [libjvm.so+0x709d9d]
V  [libjvm.so+0xf7e3b7]
V  [libjvm.so+0xf7e413]
V  [libjvm.so+0xecb784]
V  [libjvm.so+0xc2ac39]


siginfo: si_signo: 11 (SIGSEGV), si_code: 1 (SEGV_MAPERR), si_addr: 0x00000008616c2f69

Register to memory mapping:

RAX=0x0000000000000001 is an unknown value
RBX=0x00007f822c7fec70 points into unknown readable memory: 0x00007f826527f958 | 58 f9 27 65 82 7f 00 00
RCX=0x0 is NULL
RDX=0x00007f82653760ad: <offset 0x00000000013500ad> in /usr/lib/jvm/java-17-openjdk-amd64/lib/server/libjvm.so at 0x00007f8264026000
RSP=0x00007f822c7feb70 points into unknown readable memory: 0x0000000000000000 | 00 00 00 00 00 00 00 00
RBP=0x00007f822c7febd0 points into unknown readable memory: 0x00007f822c7fec10 | 10 ec 7f 2c 82 7f 00 00
RSI=0x000000070b79ab48 is pointing into object: [B 
{0x000000070b7998d0} - klass: {type array byte}
 - length: 18247
RDI=0x00000008616c2f61 is an unknown value
R8 =0x00007f822c7fec70 points into unknown readable memory: 0x00007f826527f958 | 58 f9 27 65 82 7f 00 00
R9 =0x0000000000000001 is an unknown value
R10=0x00007f826532f320: <offset 0x0000000001309320> in /usr/lib/jvm/java-17-openjdk-amd64/lib/server/libjvm.so at 0x00007f8264026000
R11=0x0000000000000007 is an unknown value
R12=0x00007f825c097540 points into unknown readable memory: 0x00007f826527fbb8 | b8 fb 27 65 82 7f 00 00
R13=0x000000070979ab44 is pointing into object: java.lang.String 
{0x000000070979ab30} - klass: 'java/lang/String'

[error occurred during error reporting (printing register info), id 0xb, SIGSEGV (0xb) at pc=0x00007f8264837d47]

Registers:
RAX=0x0000000000000001, RBX=0x00007f822c7fec70, RCX=0x0000000000000000, RDX=0x00007f82653760ad
RSP=0x00007f822c7feb70, RBP=0x00007f822c7febd0, RSI=0x000000070b79ab48, RDI=0x00000008616c2f61
R8 =0x00007f822c7fec70, R9 =0x0000000000000001, R10=0x00007f826532f320, R11=0x0000000000000007
R12=0x00007f825c097540, R13=0x000000070979ab44, R14=0x00007f825c080ba0, R15=0x000000070979ab48
RIP=0x00007f8264706686, EFLAGS=0x0000000000010202, CSGSFS=0x002b000000000033, ERR=0x0000000000000004
  TRAPNO=0x000000000000000e

Top of Stack: (sp=0x00007f822c7feb70)
0x00007f822c7feb70:   0000000000000000 00007f8264708163
0x00007f822c7feb80:   0000000000000000 000000070979ab30
0x00007f822c7feb90:   000000080000ee40 000000080000ee38
0x00007f822c7feba0:   000000000000000b 00007f825c097540 

Instructions: (pc=0x00007f8264706686)
0x00007f8264706586:   f2 45 8b 4c 24 10 49 8b 46 08 8b 88 c0 01 00 00
0x00007f8264706596:   48 8b 80 b0 01 00 00 48 d3 ea 48 8b 04 d0 48 3b
0x00007f82647065a6:   b0 e8 00 00 00 73 7b 49 8b 96 98 00 00 00 48 8d
0x00007f82647065b6:   3d a5 e4 ff ff 48 8b 02 48 8b 00 48 39 f8 0f 85
0x00007f82647065c6:   96 02 00 00 48 89 f1 48 2b 4a 08 41 ba 01 00 00
0x00007f82647065d6:   00 48 89 c8 8b 4a 18 48 c1 e8 03 48 d3 e8 48 89
0x00007f82647065e6:   c1 48 89 c7 48 8b 42 20 48 c1 ef 06 83 e1 3f 48
0x00007f82647065f6:   8d 3c f8 49 d3 e2 48 8b 0f eb 17 0f 1f 80 00 00
0x00007f8264706606:   00 00 48 89 c8 f0 48 0f b1 17 48 39 c1 74 4b 48
0x00007f8264706616:   89 c1 4c 89 d2 48 09 ca 48 39 d1 75 e5 0f 1f 44
0x00007f8264706626:   00 00 49 83 c5 04 4d 39 ef 0f 87 1b ff ff ff 4c
0x00007f8264706636:   8b 4d c8 49 89 d8 49 83 c1 08 4c 39 4d c0 0f 87
0x00007f8264706646:   e6 fe ff ff 48 83 c4 38 5b 41 5c 41 5d 41 5e 41
0x00007f8264706656:   5f 5d c3 0f 1f 80 00 00 00 00 48 8d 15 46 fa c6
0x00007f8264706666:   00 0f b6 02 84 c0 0f 84 5e 02 00 00 4c 8d 15 a7
0x00007f8264706676:   8c c2 00 8b 7e 08 41 8b 4a 08 48 d3 e7 49 03 3a
0x00007f8264706686:   8b 4f 08 85 c9 0f 8e f7 01 00 00 f6 c1 01 74 1a
0x00007f8264706696:   48 8b 07 4c 8d 1d 80 af ba ff 48 8b 80 00 01 00
0x00007f82647066a6:   00 4c 39 d8 0f 85 78 02 00 00 c1 f9 03 4c 63 d1
0x00007f82647066b6:   49 8b 86 08 03 00 00 4a 8b 3c c8 49 89 f1 48 8b
0x00007f82647066c6:   47 18 8b 88 c0 01 00 00 48 8b 80 b8 01 00 00 48
0x00007f82647066d6:   d3 e0 49 29 c1 48 8d 05 7a 0d c7 00 8b 08 49 d3
0x00007f82647066e6:   e9 44 89 c8 23 47 60 4c 89 c9 48 c1 e0 04 48 03
0x00007f82647066f6:   47 40 44 8b 08 44 39 c9 0f 84 dc 01 00 00 4c 8b
0x00007f8264706706:   58 08 4d 85 db 74 0d 4c 8b 77 38 4f 8d 0c ce f0
0x00007f8264706716:   4d 0f c1 19 48 c7 40 08 00 00 00 00 89 08 48 83
0x00007f8264706726:   47 58 01 4c 01 50 08 49 8b 44 24 20 48 8b 88 f0
0x00007f8264706736:   02 00 00 49 8b 84 24 90 00 00 00 48 85 c0 74 13
0x00007f8264706746:   48 39 c6 72 17 49 3b b4 24 98 00 00 00 0f 82 cf
0x00007f8264706756:   fe ff ff 48 39 ce 0f 83 c6 fe ff ff 80 3a 00 74
0x00007f8264706766:   61 48 8d 15 b2 8b c2 00 8b 46 08 8b 4a 08 48 d3
0x00007f8264706776:   e0 48 03 02 81 78 08 ff ff ff bf 76 52 49 8b 84 


Stack slot to memory mapping:
stack at sp + 0 slots: 0x0 is NULL
stack at sp + 1 slots: 0x00007f8264708163: <offset 0x00000000006e2163> in /usr/lib/jvm/java-17-openjdk-amd64/lib/server/libjvm.so at 0x00007f8264026000
stack at sp + 2 slots: 0x0 is NULL
stack at sp + 3 slots: 0x000000070979ab30 is an oop: java.lang.String 
{0x000000070979ab30} - klass: 'java/lang/String'

[error occurred during error reporting (inspecting top of stack), id 0xb, SIGSEGV (0xb) at pc=0x00007f8264837d47]


---------------  P R O C E S S  ---------------

Threads class SMR info:
_java_thread_list=0x00007f81840037b0, length=26, elements={
0x00007f825c0143c0, 0x00007f825c172190, 0x00007f825c173570, 0x00007f825c178740,
0x00007f825c179af0, 0x00007f825c17af00, 0x00007f825c17c8b0, 0x00007f825c17dde0,
0x00007f825c17f250, 0x00007f825c19e9f0, 0x00007f825c1a2260, 0x00007f82001ec7b0,
0x00007f825c2c4900, 0x00007f825c431da0, 0x00007f825c465a00, 0x00007f825c46aad0,
0x00007f81c8031c00, 0x00007f81c80b9950, 0x00007f81c820d1f0, 0x00007f81c82893c0,
0x00007f81c82967e0, 0x00007f81c882fcd0, 0x00007f825c4e5ca0, 0x00007f825c5669b0,
0x00007f81bc001890, 0x00007f81b8025390
}

Java Threads: ( => current thread )
  0x00007f825c0143c0 JavaThread "main" [_thread_blocked, id=8870, stack(0x00007f8263bf5000,0x00007f8263cf5000)]
  0x00007f825c172190 JavaThread "Reference Handler" daemon [_thread_blocked, id=8877, stack(0x00007f8260d07000,0x00007f8260e07000)]
  0x00007f825c173570 JavaThread "Finalizer" daemon [_thread_blocked, id=8878, stack(0x00007f8260c07000,0x00007f8260d07000)]
  0x00007f825c178740 JavaThread "Signal Dispatcher" daemon [_thread_blocked, id=8879, stack(0x00007f8260300000,0x00007f8260400000)]
  0x00007f825c179af0 JavaThread "Service Thread" daemon [_thread_blocked, id=8880, stack(0x00007f8260200000,0x00007f8260300000)]
  0x00007f825c17af00 JavaThread "Monitor Deflation Thread" daemon [_thread_blocked, id=8881, stack(0x00007f8260100000,0x00007f8260200000)]
  0x00007f825c17c8b0 JavaThread "C2 CompilerThread0" daemon [_thread_in_native, id=8882, stack(0x00007f8260000000,0x00007f8260100000)]
  0x00007f825c17dde0 JavaThread "C1 CompilerThread0" daemon [_thread_blocked, id=8883, stack(0x00007f823d00b000,0x00007f823d10b000)]
  0x00007f825c17f250 JavaThread "Sweeper thread" daemon [_thread_blocked, id=8884, stack(0x00007f823cf0b000,0x00007f823d00b000)]
  0x00007f825c19e9f0 JavaThread "Notification Thread" daemon [_thread_blocked, id=8885, stack(0x00007f823ce0b000,0x00007f823cf0b000)]
  0x00007f825c1a2260 JavaThread "Common-Cleaner" daemon [_thread_blocked, id=8887, stack(0x00007f823cc09000,0x00007f823cd09000)]
  0x00007f82001ec7b0 JavaThread "C2 CompilerThread1" daemon [_thread_in_native, id=8892, stack(0x00007f823cab7000,0x00007f823cbb7000)]
  0x00007f825c2c4900 JavaThread "process reaper" daemon [_thread_blocked, id=8894, stack(0x00007f823ca95000,0x00007f823cab7000)]
  0x00007f825c431da0 JavaThread "Active Thread: Equinox Container: e8bf82e8-7782-4e51-8957-f59031039f25" [_thread_blocked, id=8895, stack(0x00007f823c995000,0x00007f823ca95000)]
  0x00007f825c465a00 JavaThread "Framework Event Dispatcher: Equinox Container: e8bf82e8-7782-4e51-8957-f59031039f25" daemon [_thread_blocked, id=8901, stack(0x00007f823c38b000,0x00007f823c48b000)]
  0x00007f825c46aad0 JavaThread "Start Level: Equinox Container: e8bf82e8-7782-4e51-8957-f59031039f25" daemon [_thread_blocked, id=8902, stack(0x00007f823c28b000,0x00007f823c38b000)]
  0x00007f81c8031c00 JavaThread "SCR Component Actor" daemon [_thread_blocked, id=8903, stack(0x00007f823c169000,0x00007f823c269000)]
  0x00007f81c80b9950 JavaThread "SCR Component Registry" daemon [_thread_blocked, id=8904, stack(0x00007f823c069000,0x00007f823c169000)]
  0x00007f81c820d1f0 JavaThread "Worker-JM" [_thread_blocked, id=8905, stack(0x00007f822df00000,0x00007f822e000000)]
  0x00007f81c82893c0 JavaThread "Worker-0: Java indexing... " [_thread_blocked, id=8906, stack(0x00007f822d300000,0x00007f822d400000)]
  0x00007f81c82967e0 JavaThread "Worker-1: Publish Diagnostics" [_thread_in_Java, id=8907, stack(0x00007f822d200000,0x00007f822d300000)]
  0x00007f81c882fcd0 JavaThread "Java indexing" daemon [_thread_in_Java, id=8908, stack(0x00007f822d100000,0x00007f822d200000)]
  0x00007f825c4e5ca0 JavaThread "pool-2-thread-1" [_thread_blocked, id=8910, stack(0x00007f822d000000,0x00007f822d100000)]
  0x00007f825c5669b0 JavaThread "pool-1-thread-1" [_thread_blocked, id=8911, stack(0x00007f822c5fe000,0x00007f822c6fe000)]
  0x00007f81bc001890 JavaThread "Worker-2" [_thread_blocked, id=8912, stack(0x00007f822c4fe000,0x00007f822c5fe000)]
  0x00007f81b8025390 JavaThread "Worker-3" [_thread_blocked, id=8913, stack(0x00007f822c3fe000,0x00007f822c4fe000)]

Other Threads:
  0x00007f825c16e210 VMThread "VM Thread" [stack: 0x00007f8260e09000,0x00007f8260f09000] [id=8876]
  0x00007f825c1a0330 WatcherThread [stack: 0x00007f823cd0b000,0x00007f823ce0b000] [id=8886]
  0x00007f825c080130 GCTaskThread "GC Thread#0" [stack: 0x00007f8261b07000,0x00007f8261c07000] [id=8871]
  0x00007f8224005880 GCTaskThread "GC Thread#1" [stack: 0x00007f823c895000,0x00007f823c995000] [id=8896]
  0x00007f82240062b0 GCTaskThread "GC Thread#2" [stack: 0x00007f823c793000,0x00007f823c893000] [id=8897]
  0x00007f8224006ce0 GCTaskThread "GC Thread#3" [stack: 0x00007f823c691000,0x00007f823c791000] [id=8898]
  0x00007f8224007710 GCTaskThread "GC Thread#4" [stack: 0x00007f823c58f000,0x00007f823c68f000] [id=8899]
  0x00007f8224008140 GCTaskThread "GC Thread#5" [stack: 0x00007f823c48d000,0x00007f823c58d000] [id=8900]
  0x00007f825c090fe0 ConcurrentGCThread "G1 Main Marker" [stack: 0x00007f8261a05000,0x00007f8261b05000] [id=8872]
  0x00007f825c091f40 ConcurrentGCThread "G1 Conc#0" [stack: 0x00007f8261903000,0x00007f8261a03000] [id=8873]
=>0x00007f8230000ea0 ConcurrentGCThread "G1 Conc#1" [stack: 0x00007f822c700000,0x00007f822c800000] [id=8909]
  0x00007f825c13e220 ConcurrentGCThread "G1 Refine#0" [stack: 0x00007f82611fb000,0x00007f82612fb000] [id=8874]
  0x00007f8228000ea0 ConcurrentGCThread "G1 Refine#1" [stack: 0x00007f822c2fe000,0x00007f822c3fe000] [id=8918]
  0x00007f819c000ea0 ConcurrentGCThread "G1 Refine#2" [stack: 0x00007f822c1fc000,0x00007f822c2fc000] [id=8919]
  0x00007f818c000ea0 ConcurrentGCThread "G1 Refine#3" [stack: 0x00007f81a6700000,0x00007f81a6800000] [id=8929]
  0x00007f81840015e0 ConcurrentGCThread "G1 Refine#4" [stack: 0x00007f81a65fe000,0x00007f81a66fe000] [id=8930]
  0x00007f825c13f110 ConcurrentGCThread "G1 Service" [stack: 0x00007f82610f9000,0x00007f82611f9000] [id=8875]

Threads with active compile tasks:
C2 CompilerThread0     2708 4931 % !   4       org.eclipse.jdt.internal.compiler.classfmt.ClassFileReader::<init> @ 652 (2113 bytes)
C2 CompilerThread1     2708 4791 %     4       org.eclipse.jdt.internal.core.search.indexing.BinaryIndexer::extractReferenceFromConstantPool @ 15 (341 bytes)

VM state: not at safepoint (normal execution)

VM Mutex/Monitor currently owned by a thread:  ([mutex/lock_event])
[0x00007f825c011df0] CompiledIC_lock - owner thread: 0x00007f81c82967e0

Heap address: 0x0000000707400000, size: 3980 MB, Compressed Oops mode: Zero based, Oop shift amount: 3

CDS archive(s) mapped at: [0x0000000800000000-0x0000000800be3000-0x0000000800be3000), size 12464128, SharedBaseAddress: 0x0000000800000000, ArchiveRelocationMode: 0.
Compressed class space mapped at: 0x0000000800c00000-0x0000000840c00000, reserved size: 1073741824
Narrow klass base: 0x0000000800000000, Narrow klass shift: 0, Narrow klass range: 0x100000000

GC Precious Log:
 CPUs: 6 total, 6 available
 Memory: 15919M
 Large Page Support: Disabled
 NUMA Support: Disabled
 Compressed Oops: Enabled (Zero based)
 Heap Region Size: 2M
 Heap Min Capacity: 8M
 Heap Initial Capacity: 250M
 Heap Max Capacity: 3980M
 Pre-touch: Disabled
 Parallel Workers: 6
 Concurrent Workers: 2
 Concurrent Refinement Workers: 6
 Periodic GC: Disabled

Heap:
 garbage-first heap   total 282624K, used 107118K [0x0000000707400000, 0x0000000800000000)
  region size 2048K, 11 young (22528K), 2 survivors (4096K)
 Metaspace       used 46172K, committed 46912K, reserved 1097728K
  class space    used 4936K, committed 5248K, reserved 1048576K

Heap Regions: E=young(eden), S=young(survivor), O=old, HS=humongous(starts), HC=humongous(continues), CS=collection set, F=free, OA=open archive, CA=closed archive, TAMS=top-at-mark-start (previous, next)
|   0|0x0000000707400000, 0x0000000707600000, 0x0000000707600000|100%| O|  |TAMS 0x0000000707600000, 0x0000000707600000| Untracked 
|   1|0x0000000707600000, 0x0000000707800000, 0x0000000707800000|100%| O|  |TAMS 0x0000000707800000, 0x0000000707800000| Untracked 
|   2|0x0000000707800000, 0x0000000707a00000, 0x0000000707a00000|100%| O|  |TAMS 0x0000000707919000, 0x0000000707a00000| Untracked 
|   3|0x0000000707a00000, 0x0000000707c00000, 0x0000000707c00000|100%| O|  |TAMS 0x0000000707c00000, 0x0000000707c00000| Untracked 
|   4|0x0000000707c00000, 0x0000000707e00000, 0x0000000707e00000|100%| O|  |TAMS 0x0000000707e00000, 0x0000000707e00000| Untracked 
|   5|0x0000000707e00000, 0x0000000708000000, 0x0000000708000000|100%| O|  |TAMS 0x0000000708000000, 0x0000000708000000| Untracked 
|   6|0x0000000708000000, 0x0000000708200000, 0x0000000708200000|100%| O|  |TAMS 0x0000000708200000, 0x0000000708200000| Untracked 
|   7|0x0000000708200000, 0x0000000708400000, 0x0000000708400000|100%|HS|  |TAMS 0x0000000708400000, 0x0000000708400000| Complete 
|   8|0x0000000708400000, 0x0000000708600000, 0x0000000708600000|100%|HC|  |TAMS 0x0000000708600000, 0x0000000708600000| Complete 
|   9|0x0000000708600000, 0x00000007086f7000, 0x0000000708800000| 48%| O|  |TAMS 0x0000000708600000, 0x00000007086f7000| Untracked 
|  10|0x0000000708800000, 0x0000000708a00000, 0x0000000708a00000|100%| O|  |TAMS 0x0000000708a00000, 0x0000000708a00000| Untracked 
|  11|0x0000000708a00000, 0x0000000708c00000, 0x0000000708c00000|100%| O|  |TAMS 0x0000000708a00000, 0x0000000708c00000| Untracked 
|  12|0x0000000708c00000, 0x0000000708e00000, 0x0000000708e00000|100%| O|  |TAMS 0x0000000708c00000, 0x0000000708e00000| Untracked 
|  13|0x0000000708e00000, 0x0000000709000000, 0x0000000709000000|100%| O|  |TAMS 0x0000000708e00000, 0x0000000709000000| Untracked 
|  14|0x0000000709000000, 0x0000000709200000, 0x0000000709200000|100%| O|  |TAMS 0x0000000709000000, 0x0000000709200000| Untracked 
|  15|0x0000000709200000, 0x0000000709400000, 0x0000000709400000|100%| O|  |TAMS 0x0000000709200000, 0x0000000709400000| Untracked 
|  16|0x0000000709400000, 0x0000000709600000, 0x0000000709600000|100%| O|  |TAMS 0x0000000709400000, 0x0000000709600000| Untracked 
|  17|0x0000000709600000, 0x0000000709800000, 0x0000000709800000|100%| O|  |TAMS 0x0000000709600000, 0x0000000709800000| Untracked 
|  18|0x0000000709800000, 0x0000000709a00000, 0x0000000709a00000|100%| O|  |TAMS 0x0000000709800000, 0x0000000709a00000| Untracked 
|  19|0x0000000709a00000, 0x0000000709c00000, 0x0000000709c00000|100%| O|  |TAMS 0x0000000709a00000, 0x0000000709c00000| Untracked 
|  20|0x0000000709c00000, 0x0000000709e00000, 0x0000000709e00000|100%| O|  |TAMS 0x0000000709c00000, 0x0000000709e00000| Untracked 
|  21|0x0000000709e00000, 0x000000070a000000, 0x000000070a000000|100%| O|  |TAMS 0x0000000709e00000, 0x000000070a000000| Untracked 
|  22|0x000000070a000000, 0x000000070a200000, 0x000000070a200000|100%| O|  |TAMS 0x000000070a000000, 0x000000070a200000| Untracked 
|  23|0x000000070a200000, 0x000000070a400000, 0x000000070a400000|100%| O|  |TAMS 0x000000070a200000, 0x000000070a400000| Untracked 
|  24|0x000000070a400000, 0x000000070a600000, 0x000000070a600000|100%| O|  |TAMS 0x000000070a400000, 0x000000070a600000| Untracked 
|  25|0x000000070a600000, 0x000000070a800000, 0x000000070a800000|100%| O|  |TAMS 0x000000070a600000, 0x000000070a800000| Untracked 
|  26|0x000000070a800000, 0x000000070aa00000, 0x000000070aa00000|100%| O|  |TAMS 0x000000070a800000, 0x000000070aa00000| Untracked 
|  27|0x000000070aa00000, 0x000000070ac00000, 0x000000070ac00000|100%| O|  |TAMS 0x000000070aa00000, 0x000000070ac00000| Untracked 
|  28|0x000000070ac00000, 0x000000070ae00000, 0x000000070ae00000|100%| O|  |TAMS 0x000000070ac00000, 0x000000070ae00000| Untracked 
|  29|0x000000070ae00000, 0x000000070b000000, 0x000000070b000000|100%| O|  |TAMS 0x000000070ae00000, 0x000000070b000000| Untracked 
|  30|0x000000070b000000, 0x000000070b200000, 0x000000070b200000|100%| O|  |TAMS 0x000000070b000000, 0x000000070b200000| Untracked 
|  31|0x000000070b200000, 0x000000070b400000, 0x000000070b400000|100%| O|  |TAMS 0x000000070b200000, 0x000000070b400000| Untracked 
|  32|0x000000070b400000, 0x000000070b600000, 0x000000070b600000|100%| O|  |TAMS 0x000000070b400000, 0x000000070b600000| Untracked 
|  33|0x000000070b600000, 0x000000070b800000, 0x000000070b800000|100%| O|  |TAMS 0x000000070b600000, 0x000000070b800000| Untracked 
|  34|0x000000070b800000, 0x000000070ba00000, 0x000000070ba00000|100%| O|  |TAMS 0x000000070b800000, 0x000000070ba00000| Untracked 
|  35|0x000000070ba00000, 0x000000070bc00000, 0x000000070bc00000|100%| O|  |TAMS 0x000000070ba00000, 0x000000070ba00000| Untracked 
|  36|0x000000070bc00000, 0x000000070be00000, 0x000000070be00000|100%| O|  |TAMS 0x000000070bc00000, 0x000000070bc00000| Untracked 
|  37|0x000000070be00000, 0x000000070c000000, 0x000000070c000000|100%| O|  |TAMS 0x000000070be00000, 0x000000070be00000| Untracked 
|  38|0x000000070c000000, 0x000000070c200000, 0x000000070c200000|100%| O|  |TAMS 0x000000070c000000, 0x000000070c000000| Untracked 
|  39|0x000000070c200000, 0x000000070c400000, 0x000000070c400000|100%| O|  |TAMS 0x000000070c200000, 0x000000070c200000| Untracked 
|  40|0x000000070c400000, 0x000000070c600000, 0x000000070c600000|100%| O|  |TAMS 0x000000070c400000, 0x000000070c400000| Untracked 
|  41|0x000000070c600000, 0x000000070c7aa800, 0x000000070c800000| 83%| O|  |TAMS 0x000000070c600000, 0x000000070c600000| Untracked 
|  42|0x000000070c800000, 0x000000070c800000, 0x000000070ca00000|  0%| F|  |TAMS 0x000000070c800000, 0x000000070c800000| Untracked 
|  43|0x000000070ca00000, 0x000000070ca00000, 0x000000070cc00000|  0%| F|  |TAMS 0x000000070ca00000, 0x000000070ca00000| Untracked 
|  44|0x000000070cc00000, 0x000000070cc00000, 0x000000070ce00000|  0%| F|  |TAMS 0x000000070cc00000, 0x000000070cc00000| Untracked 
|  45|0x000000070ce00000, 0x000000070ce00000, 0x000000070d000000|  0%| F|  |TAMS 0x000000070ce00000, 0x000000070ce00000| Untracked 
|  46|0x000000070d000000, 0x000000070d000000, 0x000000070d200000|  0%| F|  |TAMS 0x000000070d000000, 0x000000070d000000| Untracked 
|  47|0x000000070d200000, 0x000000070d200000, 0x000000070d400000|  0%| F|  |TAMS 0x000000070d200000, 0x000000070d200000| Untracked 
|  48|0x000000070d400000, 0x000000070d400000, 0x000000070d600000|  0%| F|  |TAMS 0x000000070d400000, 0x000000070d400000| Untracked 
|  49|0x000000070d600000, 0x000000070d600000, 0x000000070d800000|  0%| F|  |TAMS 0x000000070d600000, 0x000000070d600000| Untracked 
|  50|0x000000070d800000, 0x000000070d800000, 0x000000070da00000|  0%| F|  |TAMS 0x000000070d800000, 0x000000070d800000| Untracked 
|  51|0x000000070da00000, 0x000000070da00000, 0x000000070dc00000|  0%| F|  |TAMS 0x000000070da00000, 0x000000070da00000| Untracked 
|  52|0x000000070dc00000, 0x000000070dc00000, 0x000000070de00000|  0%| F|  |TAMS 0x000000070dc00000, 0x000000070dc00000| Untracked 
|  53|0x000000070de00000, 0x000000070de00000, 0x000000070e000000|  0%| F|  |TAMS 0x000000070de00000, 0x000000070de00000| Untracked 
|  54|0x000000070e000000, 0x000000070e000000, 0x000000070e200000|  0%| F|  |TAMS 0x000000070e000000, 0x000000070e000000| Untracked 
|  55|0x000000070e200000, 0x000000070e200000, 0x000000070e400000|  0%| F|  |TAMS 0x000000070e200000, 0x000000070e200000| Untracked 
|  56|0x000000070e400000, 0x000000070e400000, 0x000000070e600000|  0%| F|  |TAMS 0x000000070e400000, 0x000000070e400000| Untracked 
|  57|0x000000070e600000, 0x000000070e600000, 0x000000070e800000|  0%| F|  |TAMS 0x000000070e600000, 0x000000070e600000| Untracked 
|  58|0x000000070e800000, 0x000000070ea00000, 0x000000070ea00000|100%| S|CS|TAMS 0x000000070e800000, 0x000000070e800000| Complete 
|  59|0x000000070ea00000, 0x000000070ec00000, 0x000000070ec00000|100%| S|CS|TAMS 0x000000070ea00000, 0x000000070ea00000| Complete 
|  60|0x000000070ec00000, 0x000000070ec00000, 0x000000070ee00000|  0%| F|  |TAMS 0x000000070ec00000, 0x000000070ec00000| Untracked 
|  61|0x000000070ee00000, 0x000000070ee00000, 0x000000070f000000|  0%| F|  |TAMS 0x000000070ee00000, 0x000000070ee00000| Untracked 
|  62|0x000000070f000000, 0x000000070f000000, 0x000000070f200000|  0%| F|  |TAMS 0x000000070f000000, 0x000000070f000000| Untracked 
|  63|0x000000070f200000, 0x000000070f200000, 0x000000070f400000|  0%| F|  |TAMS 0x000000070f200000, 0x000000070f200000| Untracked 
|  64|0x000000070f400000, 0x000000070f400000, 0x000000070f600000|  0%| F|  |TAMS 0x000000070f400000, 0x000000070f400000| Untracked 
|  65|0x000000070f600000, 0x000000070f600000, 0x000000070f800000|  0%| F|  |TAMS 0x000000070f600000, 0x000000070f600000| Untracked 
|  66|0x000000070f800000, 0x000000070f800000, 0x000000070fa00000|  0%| F|  |TAMS 0x000000070f800000, 0x000000070f800000| Untracked 
|  67|0x000000070fa00000, 0x000000070fa00000, 0x000000070fc00000|  0%| F|  |TAMS 0x000000070fa00000, 0x000000070fa00000| Untracked 
|  68|0x000000070fc00000, 0x000000070fc00000, 0x000000070fe00000|  0%| F|  |TAMS 0x000000070fc00000, 0x000000070fc00000| Untracked 
|  69|0x000000070fe00000, 0x000000070fe00000, 0x0000000710000000|  0%| F|  |TAMS 0x000000070fe00000, 0x000000070fe00000| Untracked 
|  70|0x0000000710000000, 0x0000000710000000, 0x0000000710200000|  0%| F|  |TAMS 0x0000000710000000, 0x0000000710000000| Untracked 
|  71|0x0000000710200000, 0x0000000710200000, 0x0000000710400000|  0%| F|  |TAMS 0x0000000710200000, 0x0000000710200000| Untracked 
|  72|0x0000000710400000, 0x0000000710400000, 0x0000000710600000|  0%| F|  |TAMS 0x0000000710400000, 0x0000000710400000| Untracked 
|  73|0x0000000710600000, 0x0000000710600000, 0x0000000710800000|  0%| F|  |TAMS 0x0000000710600000, 0x0000000710600000| Untracked 
|  74|0x0000000710800000, 0x0000000710800000, 0x0000000710a00000|  0%| F|  |TAMS 0x0000000710800000, 0x0000000710800000| Untracked 
|  75|0x0000000710a00000, 0x0000000710a00000, 0x0000000710c00000|  0%| F|  |TAMS 0x0000000710a00000, 0x0000000710a00000| Untracked 
|  76|0x0000000710c00000, 0x0000000710c00000, 0x0000000710e00000|  0%| F|  |TAMS 0x0000000710c00000, 0x0000000710c00000| Untracked 
|  77|0x0000000710e00000, 0x0000000710e00000, 0x0000000711000000|  0%| F|  |TAMS 0x0000000710e00000, 0x0000000710e00000| Untracked 
|  78|0x0000000711000000, 0x0000000711000000, 0x0000000711200000|  0%| F|  |TAMS 0x0000000711000000, 0x0000000711000000| Untracked 
|  79|0x0000000711200000, 0x0000000711200000, 0x0000000711400000|  0%| F|  |TAMS 0x0000000711200000, 0x0000000711200000| Untracked 
|  80|0x0000000711400000, 0x0000000711400000, 0x0000000711600000|  0%| F|  |TAMS 0x0000000711400000, 0x0000000711400000| Untracked 
|  81|0x0000000711600000, 0x0000000711600000, 0x0000000711800000|  0%| F|  |TAMS 0x0000000711600000, 0x0000000711600000| Untracked 
|  82|0x0000000711800000, 0x0000000711800000, 0x0000000711a00000|  0%| F|  |TAMS 0x0000000711800000, 0x0000000711800000| Untracked 
|  83|0x0000000711a00000, 0x0000000711a00000, 0x0000000711c00000|  0%| F|  |TAMS 0x0000000711a00000, 0x0000000711a00000| Untracked 
|  84|0x0000000711c00000, 0x0000000711c00000, 0x0000000711e00000|  0%| F|  |TAMS 0x0000000711c00000, 0x0000000711c00000| Untracked 
|  85|0x0000000711e00000, 0x0000000711e00000, 0x0000000712000000|  0%| F|  |TAMS 0x0000000711e00000, 0x0000000711e00000| Untracked 
|  86|0x0000000712000000, 0x0000000712000000, 0x0000000712200000|  0%| F|  |TAMS 0x0000000712000000, 0x0000000712000000| Untracked 
|  87|0x0000000712200000, 0x0000000712200000, 0x0000000712400000|  0%| F|  |TAMS 0x0000000712200000, 0x0000000712200000| Untracked 
|  88|0x0000000712400000, 0x0000000712400000, 0x0000000712600000|  0%| F|  |TAMS 0x0000000712400000, 0x0000000712400000| Untracked 
|  89|0x0000000712600000, 0x0000000712600000, 0x0000000712800000|  0%| F|  |TAMS 0x0000000712600000, 0x0000000712600000| Untracked 
|  90|0x0000000712800000, 0x0000000712800000, 0x0000000712a00000|  0%| F|  |TAMS 0x0000000712800000, 0x0000000712800000| Untracked 
|  91|0x0000000712a00000, 0x0000000712a00000, 0x0000000712c00000|  0%| F|  |TAMS 0x0000000712a00000, 0x0000000712a00000| Untracked 
|  92|0x0000000712c00000, 0x0000000712c00000, 0x0000000712e00000|  0%| F|  |TAMS 0x0000000712c00000, 0x0000000712c00000| Untracked 
|  93|0x0000000712e00000, 0x0000000712e00000, 0x0000000713000000|  0%| F|  |TAMS 0x0000000712e00000, 0x0000000712e00000| Untracked 
|  94|0x0000000713000000, 0x0000000713000000, 0x0000000713200000|  0%| F|  |TAMS 0x0000000713000000, 0x0000000713000000| Untracked 
|  95|0x0000000713200000, 0x0000000713200000, 0x0000000713400000|  0%| F|  |TAMS 0x0000000713200000, 0x0000000713200000| Untracked 
|  96|0x0000000713400000, 0x0000000713400000, 0x0000000713600000|  0%| F|  |TAMS 0x0000000713400000, 0x0000000713400000| Untracked 
|  97|0x0000000713600000, 0x0000000713600000, 0x0000000713800000|  0%| F|  |TAMS 0x0000000713600000, 0x0000000713600000| Untracked 
|  98|0x0000000713800000, 0x0000000713800000, 0x0000000713a00000|  0%| F|  |TAMS 0x0000000713800000, 0x0000000713800000| Untracked 
|  99|0x0000000713a00000, 0x0000000713a00000, 0x0000000713c00000|  0%| F|  |TAMS 0x0000000713a00000, 0x0000000713a00000| Untracked 
| 100|0x0000000713c00000, 0x0000000713c00000, 0x0000000713e00000|  0%| F|  |TAMS 0x0000000713c00000, 0x0000000713c00000| Untracked 
| 101|0x0000000713e00000, 0x0000000713e00000, 0x0000000714000000|  0%| F|  |TAMS 0x0000000713e00000, 0x0000000713e00000| Untracked 
| 102|0x0000000714000000, 0x0000000714000000, 0x0000000714200000|  0%| F|  |TAMS 0x0000000714000000, 0x0000000714000000| Untracked 
| 103|0x0000000714200000, 0x0000000714200000, 0x0000000714400000|  0%| F|  |TAMS 0x0000000714200000, 0x0000000714200000| Untracked 
| 104|0x0000000714400000, 0x0000000714400000, 0x0000000714600000|  0%| F|  |TAMS 0x0000000714400000, 0x0000000714400000| Untracked 
| 105|0x0000000714600000, 0x0000000714600000, 0x0000000714800000|  0%| F|  |TAMS 0x0000000714600000, 0x0000000714600000| Untracked 
| 106|0x0000000714800000, 0x0000000714800000, 0x0000000714a00000|  0%| F|  |TAMS 0x0000000714800000, 0x0000000714800000| Untracked 
| 107|0x0000000714a00000, 0x0000000714a00000, 0x0000000714c00000|  0%| F|  |TAMS 0x0000000714a00000, 0x0000000714a00000| Untracked 
| 108|0x0000000714c00000, 0x0000000714c00000, 0x0000000714e00000|  0%| F|  |TAMS 0x0000000714c00000, 0x0000000714c00000| Untracked 
| 109|0x0000000714e00000, 0x0000000714e00000, 0x0000000715000000|  0%| F|  |TAMS 0x0000000714e00000, 0x0000000714e00000| Untracked 
| 110|0x0000000715000000, 0x0000000715000000, 0x0000000715200000|  0%| F|  |TAMS 0x0000000715000000, 0x0000000715000000| Untracked 
| 111|0x0000000715200000, 0x0000000715200000, 0x0000000715400000|  0%| F|  |TAMS 0x0000000715200000, 0x0000000715200000| Untracked 
| 112|0x0000000715400000, 0x0000000715400000, 0x0000000715600000|  0%| F|  |TAMS 0x0000000715400000, 0x0000000715400000| Untracked 
| 113|0x0000000715600000, 0x0000000715600000, 0x0000000715800000|  0%| F|  |TAMS 0x0000000715600000, 0x0000000715600000| Untracked 
| 114|0x0000000715800000, 0x0000000715800000, 0x0000000715a00000|  0%| F|  |TAMS 0x0000000715800000, 0x0000000715800000| Untracked 
| 115|0x0000000715a00000, 0x0000000715a00000, 0x0000000715c00000|  0%| F|  |TAMS 0x0000000715a00000, 0x0000000715a00000| Untracked 
| 116|0x0000000715c00000, 0x0000000715c00000, 0x0000000715e00000|  0%| F|  |TAMS 0x0000000715c00000, 0x0000000715c00000| Untracked 
| 117|0x0000000715e00000, 0x0000000715e00000, 0x0000000716000000|  0%| F|  |TAMS 0x0000000715e00000, 0x0000000715e00000| Untracked 
| 118|0x0000000716000000, 0x0000000716000000, 0x0000000716200000|  0%| F|  |TAMS 0x0000000716000000, 0x0000000716000000| Untracked 
| 119|0x0000000716200000, 0x0000000716200000, 0x0000000716400000|  0%| F|  |TAMS 0x0000000716200000, 0x0000000716200000| Untracked 
| 120|0x0000000716400000, 0x0000000716400000, 0x0000000716600000|  0%| F|  |TAMS 0x0000000716400000, 0x0000000716400000| Untracked 
| 121|0x0000000716600000, 0x0000000716600000, 0x0000000716800000|  0%| F|  |TAMS 0x0000000716600000, 0x0000000716600000| Untracked 
| 122|0x0000000716800000, 0x0000000716800000, 0x0000000716a00000|  0%| F|  |TAMS 0x0000000716800000, 0x0000000716800000| Untracked 
| 123|0x0000000716a00000, 0x0000000716a00000, 0x0000000716c00000|  0%| F|  |TAMS 0x0000000716a00000, 0x0000000716a00000| Untracked 
| 124|0x0000000716c00000, 0x0000000716c00000, 0x0000000716e00000|  0%| F|  |TAMS 0x0000000716c00000, 0x0000000716c00000| Untracked 
| 125|0x0000000716e00000, 0x0000000716e00000, 0x0000000717000000|  0%| F|  |TAMS 0x0000000716e00000, 0x0000000716e00000| Untracked 
| 126|0x0000000717000000, 0x0000000717000000, 0x0000000717200000|  0%| F|  |TAMS 0x0000000717000000, 0x0000000717000000| Untracked 
| 127|0x0000000717200000, 0x0000000717400000, 0x0000000717400000|100%| E|  |TAMS 0x0000000717200000, 0x0000000717200000| Complete 
| 128|0x0000000717400000, 0x0000000717600000, 0x0000000717600000|100%| E|CS|TAMS 0x0000000717400000, 0x0000000717400000| Complete 
| 129|0x0000000717600000, 0x0000000717800000, 0x0000000717800000|100%| E|CS|TAMS 0x0000000717600000, 0x0000000717600000| Complete 
| 130|0x0000000717800000, 0x0000000717a00000, 0x0000000717a00000|100%| E|CS|TAMS 0x0000000717800000, 0x0000000717800000| Complete 
| 131|0x0000000717a00000, 0x0000000717c00000, 0x0000000717c00000|100%| E|CS|TAMS 0x0000000717a00000, 0x0000000717a00000| Complete 
| 132|0x0000000717c00000, 0x0000000717e00000, 0x0000000717e00000|100%| E|CS|TAMS 0x0000000717c00000, 0x0000000717c00000| Complete 
| 133|0x0000000717e00000, 0x0000000718000000, 0x0000000718000000|100%| E|CS|TAMS 0x0000000717e00000, 0x0000000717e00000| Complete 
| 134|0x0000000718000000, 0x0000000718200000, 0x0000000718200000|100%| E|CS|TAMS 0x0000000718000000, 0x0000000718000000| Complete 
| 135|0x0000000718200000, 0x0000000718400000, 0x0000000718400000|100%| E|CS|TAMS 0x0000000718200000, 0x0000000718200000| Complete 
|1988|0x00000007ffc00000, 0x00000007ffd77000, 0x00000007ffe00000| 73%|OA|  |TAMS 0x00000007ffd77000, 0x00000007ffd77000| Untracked 
|1989|0x00000007ffe00000, 0x00000007ffe83000, 0x0000000800000000| 25%|CA|  |TAMS 0x00000007ffe83000, 0x00000007ffe83000| Untracked 

Card table byte_map: [0x00007f826244e000,0x00007f8262c14000] _byte_map_base: 0x00007f825ec14000

Marking Bits (Prev, Next): (CMBitMap*) 0x00007f825c080bb0, (CMBitMap*) 0x00007f825c080bf0
 Prev Bits: [0x00007f82414b0000, 0x00007f82452e0000)
 Next Bits: [0x00007f823d680000, 0x00007f82414b0000)

Polling page: 0x00007f826560d000

Metaspace:

Usage:
  Non-class:     40,28 MB used.
      Class:      4,82 MB used.
       Both:     45,10 MB used.

Virtual space:
  Non-class space:       48,00 MB reserved,      40,69 MB ( 85%) committed,  6 nodes.
      Class space:        1,00 GB reserved,       5,12 MB ( <1%) committed,  1 nodes.
             Both:        1,05 GB reserved,      45,81 MB (  4%) committed. 

Chunk freelists:
   Non-Class:  2,94 MB
       Class:  2,82 MB
        Both:  5,76 MB

MaxMetaspaceSize: unlimited
CompressedClassSpaceSize: 1,00 GB
Initial GC threshold: 21,00 MB
Current GC threshold: 59,38 MB
CDS: on
MetaspaceReclaimPolicy: balanced
 - commit_granule_bytes: 65536.
 - commit_granule_words: 8192.
 - virtual_space_node_default_size: 1048576.
 - enlarge_chunks_in_place: 1.
 - new_chunks_are_fully_committed: 0.
 - uncommit_free_chunks: 1.
 - use_allocation_guard: 0.
 - handle_deallocations: 1.


Internal statistics:

num_allocs_failed_limit: 6.
num_arena_births: 316.
num_arena_deaths: 0.
num_vsnodes_births: 7.
num_vsnodes_deaths: 0.
num_space_committed: 733.
num_space_uncommitted: 0.
num_chunks_returned_to_freelist: 6.
num_chunks_taken_from_freelist: 2179.
num_chunk_merges: 6.
num_chunk_splits: 1458.
num_chunks_enlarged: 991.
num_purges: 0.
num_inconsistent_stats: 0.

CodeHeap 'non-profiled nmethods': size=120032Kb used=2362Kb max_used=2362Kb free=117670Kb
 bounds [0x00007f824cda8000, 0x00007f824d018000, 0x00007f82542e0000]
CodeHeap 'profiled nmethods': size=120028Kb used=10595Kb max_used=10595Kb free=109432Kb
 bounds [0x00007f8245871000, 0x00007f82462d1000, 0x00007f824cda8000]
CodeHeap 'non-nmethods': size=5700Kb used=1307Kb max_used=1403Kb free=4392Kb
 bounds [0x00007f82452e0000, 0x00007f8245550000, 0x00007f8245871000]
 total_blobs=5531 nmethods=4891 adapters=553
 compilation: enabled
              stopped_count=0, restarted_count=0
 full_count=0

Compilation events (20 events):
Event: 2,622 Thread 0x00007f825c17dde0 nmethod 4916 0x00007f8246277f10 code [0x00007f82462781e0, 0x00007f8246278ae0]
Event: 2,622 Thread 0x00007f825c17dde0 4917       2       org.eclipse.jdt.internal.core.JavaProject$ModuleLookup::getRoot (22 bytes)
Event: 2,622 Thread 0x00007f825c17dde0 nmethod 4917 0x00007f8246279090 code [0x00007f8246279260, 0x00007f8246279480]
Event: 2,622 Thread 0x00007f825c17dde0 4918       2       org.eclipse.jdt.internal.core.JavaElement::getChildren (24 bytes)
Event: 2,622 Thread 0x00007f825c17dde0 nmethod 4918 0x00007f8246279590 code [0x00007f8246279760, 0x00007f8246279970]
Event: 2,622 Thread 0x00007f825c17dde0 4919       2       org.eclipse.jdt.internal.core.PackageFragment::getElementName (22 bytes)
Event: 2,622 Thread 0x00007f825c17dde0 nmethod 4919 0x00007f8246279a90 code [0x00007f8246279c40, 0x00007f8246279da0]
Event: 2,624 Thread 0x00007f825c17dde0 4921       3       org.eclipse.jdt.internal.core.util.HashSetOfArray::hashCode (35 bytes)
Event: 2,624 Thread 0x00007f825c17dde0 nmethod 4921 0x00007f8246279e90 code [0x00007f824627a060, 0x00007f824627a3c0]
Event: 2,624 Thread 0x00007f825c17dde0 4920       3       org.eclipse.jdt.internal.core.util.HashSetOfArray::add (100 bytes)
Event: 2,624 Thread 0x00007f825c17dde0 nmethod 4920 0x00007f824627a590 code [0x00007f824627a7a0, 0x00007f824627afa0]
Event: 2,644 Thread 0x00007f825c17dde0 4923       2       org.eclipse.jdt.internal.core.util.HashtableOfArrayToObject::rehash (78 bytes)
Event: 2,644 Thread 0x00007f825c17dde0 nmethod 4923 0x00007f824627b290 code [0x00007f824627b460, 0x00007f824627b810]
Event: 2,645 Thread 0x00007f825c17dde0 4924       1       org.eclipse.core.internal.jobs.InternalJob::setNext (6 bytes)
Event: 2,645 Thread 0x00007f825c17dde0 nmethod 4924 0x00007f824cfe8990 code [0x00007f824cfe8b20, 0x00007f824cfe8c30]
Event: 2,657 Thread 0x00007f825c17dde0 4926       2       org.eclipse.jdt.internal.compiler.parser.Parser::consumeToken (2283 bytes)
Event: 2,659 Thread 0x00007f825c17dde0 nmethod 4926 0x00007f824627ba10 code [0x00007f824627c4e0, 0x00007f824627f410]
Event: 2,659 Thread 0x00007f825c17dde0 4927       3       org.eclipse.jdt.internal.compiler.parser.Parser::consumeRule (7765 bytes)
Event: 2,685 Thread 0x00007f825c17c8b0 nmethod 4827% 0x00007f824cfe8c90 code [0x00007f824cfe91e0, 0x00007f824cff26e8]
Event: 2,685 Thread 0x00007f825c17c8b0 4925       4       jdk.internal.jrtfs.JrtFileSystem::checkNode (40 bytes)

GC Heap History (20 events):
Event: 1,381 GC heap before
{Heap before GC invocations=7 (full 0):
 garbage-first heap   total 61440K, used 44262K [0x0000000707400000, 0x0000000800000000)
  region size 2048K, 13 young (26624K), 2 survivors (4096K)
 Metaspace       used 30036K, committed 30720K, reserved 1081344K
  class space    used 3089K, committed 3392K, reserved 1048576K
}
Event: 1,384 GC heap after
{Heap after GC invocations=8 (full 0):
 garbage-first heap   total 159744K, used 23902K [0x0000000707400000, 0x0000000800000000)
  region size 2048K, 2 young (4096K), 2 survivors (4096K)
 Metaspace       used 30036K, committed 30720K, reserved 1081344K
  class space    used 3089K, committed 3392K, reserved 1048576K
}
Event: 1,598 GC heap before
{Heap before GC invocations=8 (full 0):
 garbage-first heap   total 159744K, used 107870K [0x0000000707400000, 0x0000000800000000)
  region size 2048K, 43 young (88064K), 2 survivors (4096K)
 Metaspace       used 32082K, committed 32768K, reserved 1081344K
  class space    used 3299K, committed 3648K, reserved 1048576K
}
Event: 1,604 GC heap after
{Heap after GC invocations=9 (full 0):
 garbage-first heap   total 159744K, used 29576K [0x0000000707400000, 0x0000000800000000)
  region size 2048K, 4 young (8192K), 4 survivors (8192K)
 Metaspace       used 32082K, committed 32768K, reserved 1081344K
  class space    used 3299K, committed 3648K, reserved 1048576K
}
Event: 1,675 GC heap before
{Heap before GC invocations=9 (full 0):
 garbage-first heap   total 159744K, used 45960K [0x0000000707400000, 0x0000000800000000)
  region size 2048K, 14 young (28672K), 4 survivors (8192K)
 Metaspace       used 35405K, committed 36160K, reserved 1089536K
  class space    used 3608K, committed 3968K, reserved 1048576K
}
Event: 1,679 GC heap after
{Heap after GC invocations=10 (full 0):
 garbage-first heap   total 159744K, used 30453K [0x0000000707400000, 0x0000000800000000)
  region size 2048K, 4 young (8192K), 4 survivors (8192K)
 Metaspace       used 35405K, committed 36160K, reserved 1089536K
  class space    used 3608K, committed 3968K, reserved 1048576K
}
Event: 1,987 GC heap before
{Heap before GC invocations=11 (full 0):
 garbage-first heap   total 122880K, used 100085K [0x0000000707400000, 0x0000000800000000)
  region size 2048K, 38 young (77824K), 4 survivors (8192K)
 Metaspace       used 43338K, committed 44096K, reserved 1089536K
  class space    used 4608K, committed 4928K, reserved 1048576K
}
Event: 1,990 GC heap after
{Heap after GC invocations=12 (full 0):
 garbage-first heap   total 122880K, used 32701K [0x0000000707400000, 0x0000000800000000)
  region size 2048K, 2 young (4096K), 2 survivors (4096K)
 Metaspace       used 43338K, committed 44096K, reserved 1089536K
  class space    used 4608K, committed 4928K, reserved 1048576K
}
Event: 2,197 GC heap before
{Heap before GC invocations=12 (full 0):
 garbage-first heap   total 122880K, used 94141K [0x0000000707400000, 0x0000000800000000)
  region size 2048K, 32 young (65536K), 2 survivors (4096K)
 Metaspace       used 46104K, committed 46848K, reserved 1097728K
  class space    used 4932K, committed 5248K, reserved 1048576K
}
Event: 2,202 GC heap after
{Heap after GC invocations=13 (full 0):
 garbage-first heap   total 122880K, used 44389K [0x0000000707400000, 0x0000000800000000)
  region size 2048K, 4 young (8192K), 4 survivors (8192K)
 Metaspace       used 46104K, committed 46848K, reserved 1097728K
  class space    used 4932K, committed 5248K, reserved 1048576K
}
Event: 2,308 GC heap before
{Heap before GC invocations=13 (full 0):
 garbage-first heap   total 122880K, used 89445K [0x0000000707400000, 0x0000000800000000)
  region size 2048K, 26 young (53248K), 4 survivors (8192K)
 Metaspace       used 46117K, committed 46912K, reserved 1097728K
  class space    used 4933K, committed 5248K, reserved 1048576K
}
Event: 2,314 GC heap after
{Heap after GC invocations=14 (full 0):
 garbage-first heap   total 159744K, used 55599K [0x0000000707400000, 0x0000000800000000)
  region size 2048K, 4 young (8192K), 4 survivors (8192K)
 Metaspace       used 46117K, committed 46912K, reserved 1097728K
  class space    used 4933K, committed 5248K, reserved 1048576K
}
Event: 2,476 GC heap before
{Heap before GC invocations=14 (full 0):
 garbage-first heap   total 159744K, used 114991K [0x0000000707400000, 0x0000000800000000)
  region size 2048K, 33 young (67584K), 4 survivors (8192K)
 Metaspace       used 46121K, committed 46912K, reserved 1097728K
  class space    used 4933K, committed 5248K, reserved 1048576K
}
Event: 2,484 GC heap after
{Heap after GC invocations=15 (full 0):
 garbage-first heap   total 159744K, used 69458K [0x0000000707400000, 0x0000000800000000)
  region size 2048K, 5 young (10240K), 5 survivors (10240K)
 Metaspace       used 46121K, committed 46912K, reserved 1097728K
  class space    used 4933K, committed 5248K, reserved 1048576K
}
Event: 2,584 GC heap before
{Heap before GC invocations=15 (full 0):
 garbage-first heap   total 159744K, used 114514K [0x0000000707400000, 0x0000000800000000)
  region size 2048K, 27 young (55296K), 5 survivors (10240K)
 Metaspace       used 46139K, committed 46912K, reserved 1097728K
  class space    used 4936K, committed 5248K, reserved 1048576K
}
Event: 2,591 GC heap after
{Heap after GC invocations=16 (full 0):
 garbage-first heap   total 159744K, used 80836K [0x0000000707400000, 0x0000000800000000)
  region size 2048K, 4 young (8192K), 4 survivors (8192K)
 Metaspace       used 46139K, committed 46912K, reserved 1097728K
  class space    used 4936K, committed 5248K, reserved 1048576K
}
Event: 2,634 GC heap before
{Heap before GC invocations=16 (full 0):
 garbage-first heap   total 159744K, used 117700K [0x0000000707400000, 0x0000000800000000)
  region size 2048K, 22 young (45056K), 4 survivors (8192K)
 Metaspace       used 46162K, committed 46912K, reserved 1097728K
  class space    used 4936K, committed 5248K, reserved 1048576K
}
Event: 2,639 GC heap after
{Heap after GC invocations=17 (full 0):
 garbage-first heap   total 159744K, used 86847K [0x0000000707400000, 0x0000000800000000)
  region size 2048K, 3 young (6144K), 3 survivors (6144K)
 Metaspace       used 46162K, committed 46912K, reserved 1097728K
  class space    used 4936K, committed 5248K, reserved 1048576K
}
Event: 2,681 GC heap before
{Heap before GC invocations=17 (full 0):
 garbage-first heap   total 159744K, used 119615K [0x0000000707400000, 0x0000000800000000)
  region size 2048K, 19 young (38912K), 3 survivors (6144K)
 Metaspace       used 46162K, committed 46912K, reserved 1097728K
  class space    used 4936K, committed 5248K, reserved 1048576K
}
Event: 2,684 GC heap after
{Heap after GC invocations=18 (full 0):
 garbage-first heap   total 282624K, used 90734K [0x0000000707400000, 0x0000000800000000)
  region size 2048K, 2 young (4096K), 2 survivors (4096K)
 Metaspace       used 46162K, committed 46912K, reserved 1097728K
  class space    used 4936K, committed 5248K, reserved 1048576K
}

Dll operation events (11 events):
Event: 0,001 Loaded shared library /usr/lib/jvm/java-17-openjdk-amd64/lib/libjava.so
Event: 0,001 Loaded shared library /usr/lib/jvm/java-17-openjdk-amd64/lib/libzip.so
Event: 0,028 Loaded shared library /usr/lib/jvm/java-17-openjdk-amd64/lib/libjsvml.so
Event: 0,037 Loaded shared library /usr/lib/jvm/java-17-openjdk-amd64/lib/libnio.so
Event: 0,039 Loaded shared library /usr/lib/jvm/java-17-openjdk-amd64/lib/libzip.so
Event: 0,080 Loaded shared library /usr/lib/jvm/java-17-openjdk-amd64/lib/libjimage.so
Event: 0,254 Loaded shared library /usr/lib/jvm/java-17-openjdk-amd64/lib/libnet.so
Event: 0,385 Loaded shared library /home/unknow/.vim/bundle/YouCompleteMe/third_party/ycmd/third_party/eclipse.jdt.ls/workspace/config_linux/org.eclipse.equinox.launcher/org.eclipse.equinox.launcher.gtk.linux.x86_64_1.2.500.v20220509-0833/eclipse_11701.so
Event: 0,580 Loaded shared library /usr/lib/jvm/java-17-openjdk-amd64/lib/libmanagement.so
Event: 0,581 Loaded shared library /usr/lib/jvm/java-17-openjdk-amd64/lib/libmanagement_ext.so
Event: 0,627 Loaded shared library /usr/lib/jvm/java-17-openjdk-amd64/lib/libverify.so

Deoptimization events (20 events):
Event: 2,148 Thread 0x00007f81b8025390 Uncommon trap: trap_request=0xffffff45 fr.pc=0x00007f824cf4ef50 relative=0x0000000000000710
Event: 2,148 Thread 0x00007f81b8025390 Uncommon trap: reason=unstable_if action=reinterpret pc=0x00007f824cf4ef50 method=java.util.WeakHashMap.remove(Ljava/lang/Object;)Ljava/lang/Object; @ 92 c2
Event: 2,148 Thread 0x00007f81b8025390 DEOPT PACKING pc=0x00007f824cf4ef50 sp=0x00007f822c4fb520
Event: 2,148 Thread 0x00007f81b8025390 DEOPT UNPACKING pc=0x00007f8245332099 sp=0x00007f822c4fb4c0 mode 2
Event: 2,160 Thread 0x00007f81b8025390 Uncommon trap: trap_request=0xffffff45 fr.pc=0x00007f824cdc0940 relative=0x00000000000000a0
Event: 2,160 Thread 0x00007f81b8025390 Uncommon trap: reason=unstable_if action=reinterpret pc=0x00007f824cdc0940 method=jdk.internal.misc.Unsafe.convEndian(ZI)I @ 4 c2
Event: 2,160 Thread 0x00007f81b8025390 DEOPT PACKING pc=0x00007f824cdc0940 sp=0x00007f822c4fc090
Event: 2,160 Thread 0x00007f81b8025390 DEOPT UNPACKING pc=0x00007f8245332099 sp=0x00007f822c4fbf48 mode 2
Event: 2,187 Thread 0x00007f81c882fcd0 DEOPT PACKING pc=0x00007f8246181161 sp=0x00007f822d1fdec0
Event: 2,187 Thread 0x00007f81c882fcd0 DEOPT UNPACKING pc=0x00007f824533282f sp=0x00007f822d1fd348 mode 0
Event: 2,283 Thread 0x00007f81c882fcd0 DEOPT PACKING pc=0x00007f82461bd749 sp=0x00007f822d1fdb30
Event: 2,283 Thread 0x00007f81c882fcd0 DEOPT UNPACKING pc=0x00007f824533282f sp=0x00007f822d1fd058 mode 0
Event: 2,284 Thread 0x00007f81c882fcd0 DEOPT PACKING pc=0x00007f82461bcad6 sp=0x00007f822d1fdbe0
Event: 2,284 Thread 0x00007f81c882fcd0 DEOPT UNPACKING pc=0x00007f824533282f sp=0x00007f822d1fd078 mode 0
Event: 2,290 Thread 0x00007f81c882fcd0 DEOPT PACKING pc=0x00007f824618718e sp=0x00007f822d1fe080
Event: 2,290 Thread 0x00007f81c882fcd0 DEOPT UNPACKING pc=0x00007f824533282f sp=0x00007f822d1fd6c0 mode 0
Event: 2,557 Thread 0x00007f81c882fcd0 Uncommon trap: trap_request=0xffffff45 fr.pc=0x00007f824cfe7ce8 relative=0x00000000000019e8
Event: 2,557 Thread 0x00007f81c882fcd0 Uncommon trap: reason=unstable_if action=reinterpret pc=0x00007f824cfe7ce8 method=org.eclipse.jdt.internal.compiler.classfmt.MethodInfo.decodeLocalVariableAttribute(II)V @ 14 c2
Event: 2,557 Thread 0x00007f81c882fcd0 DEOPT PACKING pc=0x00007f824cfe7ce8 sp=0x00007f822d1fdf30
Event: 2,557 Thread 0x00007f81c882fcd0 DEOPT UNPACKING pc=0x00007f8245332099 sp=0x00007f822d1fde50 mode 2

Classes unloaded (0 events):
No events

Classes redefined (0 events):
No events

Internal exceptions (20 events):
Event: 1,546 Thread 0x00007f81bc001890 Exception <a 'java/lang/NoSuchMethodError'{0x000000070ce55040}: 'java.lang.Object java.lang.invoke.Invokers$Holder.linkToTargetMethod(java.lang.Object, java.lang.Object, java.lang.Object, java.lang.Object, java.lang.Object, java.lang.Object, java.lang.Object, java.lang.Object)'> (0x000000070ce55040) 
thrown [./src/hotspot/share/interpreter/linkResolver.cpp, line 758]
Event: 1,546 Thread 0x00007f825c5669b0 Exception <a 'sun/nio/fs/UnixException'{0x000000070cf516d8}> (0x000000070cf516d8) 
thrown [./src/hotspot/share/prims/jni.cpp, line 516]
Event: 1,549 Thread 0x00007f825c5669b0 Exception <a 'sun/nio/fs/UnixException'{0x000000070cf75328}> (0x000000070cf75328) 
thrown [./src/hotspot/share/prims/jni.cpp, line 516]
Event: 1,551 Thread 0x00007f81bc001890 Exception <a 'java/lang/NoSuchMethodError'{0x000000070ce949b8}: 'int java.lang.invoke.DirectMethodHandle$Holder.invokeStatic(java.lang.Object)'> (0x000000070ce949b8) 
thrown [./src/hotspot/share/interpreter/linkResolver.cpp, line 758]
Event: 1,554 Thread 0x00007f825c5669b0 Exception <a 'java/lang/NoSuchMethodError'{0x000000070cfc6ad0}: 'java.lang.Object java.lang.invoke.DirectMethodHandle$Holder.invokeInterface(java.lang.Object, java.lang.Object, java.lang.Object)'> (0x000000070cfc6ad0) 
thrown [./src/hotspot/share/interpreter/linkResolver.cpp, line 758]
Event: 1,556 Thread 0x00007f81bc001890 Exception <a 'java/io/FileNotFoundException'{0x000000070ced6e90}> (0x000000070ced6e90) 
thrown [./src/hotspot/share/prims/jni.cpp, line 516]
Event: 1,556 Thread 0x00007f81bc001890 Exception <a 'java/io/FileNotFoundException'{0x000000070ced8d10}> (0x000000070ced8d10) 
thrown [./src/hotspot/share/prims/jni.cpp, line 516]
Event: 1,556 Thread 0x00007f81bc001890 Exception <a 'java/io/FileNotFoundException'{0x000000070ceda368}> (0x000000070ceda368) 
thrown [./src/hotspot/share/prims/jni.cpp, line 516]
Event: 1,695 Thread 0x00007f825c5669b0 Exception <a 'sun/nio/fs/UnixException'{0x0000000716cc8588}> (0x0000000716cc8588) 
thrown [./src/hotspot/share/prims/jni.cpp, line 516]
Event: 1,696 Thread 0x00007f825c5669b0 Exception <a 'sun/nio/fs/UnixException'{0x0000000716cc9e98}> (0x0000000716cc9e98) 
thrown [./src/hotspot/share/prims/jni.cpp, line 516]
Event: 1,701 Thread 0x00007f825c5669b0 Exception <a 'sun/nio/fs/UnixException'{0x0000000716cd9148}> (0x0000000716cd9148) 
thrown [./src/hotspot/share/prims/jni.cpp, line 516]
Event: 1,702 Thread 0x00007f825c5669b0 Exception <a 'sun/nio/fs/UnixException'{0x0000000716ce6ca0}> (0x0000000716ce6ca0) 
thrown [./src/hotspot/share/prims/jni.cpp, line 516]
Event: 1,805 Thread 0x00007f825c5669b0 Exception <a 'java/lang/NoSuchMethodError'{0x000000070b739368}: 'int java.lang.invoke.DirectMethodHandle$Holder.invokeStatic(java.lang.Object, java.lang.Object, java.lang.Object, int)'> (0x000000070b739368) 
thrown [./src/hotspot/share/interpreter/linkResolver.cpp, line 758]
Event: 1,811 Thread 0x00007f81bc001890 Exception <a 'java/lang/NoClassDefFoundError'{0x000000070b7b1858}: javax/enterprise/inject/Typed> (0x000000070b7b1858) 
thrown [./src/hotspot/share/classfile/systemDictionary.cpp, line 245]
Event: 1,817 Thread 0x00007f825c5669b0 Exception <a 'java/lang/NoSuchMethodError'{0x000000070b358788}: 'int java.lang.invoke.DirectMethodHandle$Holder.invokeVirtual(java.lang.Object, java.lang.Object, java.lang.Object)'> (0x000000070b358788) 
thrown [./src/hotspot/share/interpreter/linkResolver.cpp, line 758]
Event: 1,822 Thread 0x00007f81bc001890 Implicit null exception at 0x00007f824ce4bbe0 to 0x00007f824ce4be94
Event: 1,828 Thread 0x00007f81bc001890 Implicit null exception at 0x00007f824ceaefe0 to 0x00007f824ceaf294
Event: 1,830 Thread 0x00007f81bc001890 Implicit null exception at 0x00007f824ce2ebd5 to 0x00007f824ce2ee88
Event: 2,084 Thread 0x00007f81bc001890 Exception <a 'java/lang/NoClassDefFoundError'{0x000000070d956dd0}: com/google/inject/servlet/ServletModuleTargetVisitor> (0x000000070d956dd0) 
thrown [./src/hotspot/share/classfile/systemDictionary.cpp, line 245]
Event: 2,105 Thread 0x00007f81c882fcd0 Implicit null exception at 0x00007f824cfa53cf to 0x00007f824cfa550c

VM Operations (20 events):
Event: 2,036 Executing VM operation: HandshakeAllThreads
Event: 2,036 Executing VM operation: HandshakeAllThreads done
Event: 2,098 Executing VM operation: HandshakeAllThreads
Event: 2,098 Executing VM operation: HandshakeAllThreads done
Event: 2,146 Executing VM operation: ICBufferFull
Event: 2,146 Executing VM operation: ICBufferFull done
Event: 2,197 Executing VM operation: G1CollectForAllocation
Event: 2,202 Executing VM operation: G1CollectForAllocation done
Event: 2,308 Executing VM operation: G1CollectForAllocation
Event: 2,314 Executing VM operation: G1CollectForAllocation done
Event: 2,476 Executing VM operation: G1CollectForAllocation
Event: 2,484 Executing VM operation: G1CollectForAllocation done
Event: 2,584 Executing VM operation: G1CollectForAllocation
Event: 2,591 Executing VM operation: G1CollectForAllocation done
Event: 2,634 Executing VM operation: G1CollectForAllocation
Event: 2,639 Executing VM operation: G1CollectForAllocation done
Event: 2,681 Executing VM operation: G1CollectForAllocation
Event: 2,685 Executing VM operation: G1CollectForAllocation done
Event: 2,685 Executing VM operation: HandshakeAllThreads
Event: 2,685 Executing VM operation: HandshakeAllThreads done

Events (20 events):
Event: 2,161 loading class org/apache/maven/artifact/repository/ArtifactRepository
Event: 2,161 loading class org/apache/maven/artifact/repository/ArtifactRepository done
Event: 2,161 loading class org/apache/maven/artifact/repository/ArtifactRepository
Event: 2,161 loading class org/apache/maven/artifact/repository/ArtifactRepository done
Event: 2,162 loading class org/eclipse/m2e/core/internal/embedder/MavenImpl
Event: 2,162 loading class org/eclipse/m2e/core/internal/embedder/MavenImpl done
Event: 2,162 loading class org/eclipse/m2e/core/embedder/IMavenExecutionContext
Event: 2,162 loading class org/eclipse/m2e/core/embedder/IMavenExecutionContext done
Event: 2,162 loading class org/apache/maven/artifact/repository/ArtifactRepository
Event: 2,162 loading class org/apache/maven/artifact/repository/ArtifactRepository done
Event: 2,162 loading class org/eclipse/m2e/core/embedder/IMavenExecutionContext
Event: 2,162 loading class org/eclipse/m2e/core/embedder/IMavenExecutionContext done
Event: 2,216 loading class org/eclipse/core/internal/resources/ContentDescriptionManager
Event: 2,216 loading class org/eclipse/core/internal/resources/ContentDescriptionManager done
Event: 2,216 loading class org/eclipse/core/internal/watson/ElementTree
Event: 2,216 loading class org/eclipse/core/internal/watson/ElementTree done
Event: 2,216 loading class org/eclipse/core/runtime/IProgressMonitor
Event: 2,216 loading class org/eclipse/core/runtime/IProgressMonitor done
Event: 2,217 loading class org/eclipse/core/internal/watson/ElementTree
Event: 2,217 loading class org/eclipse/core/internal/watson/ElementTree done


Dynamic libraries:
707400000-718400000 rw-p 00000000 00:00 0 
718400000-7ffc00000 ---p 00000000 00:00 0 
7ffc00000-7ffd00000 rw-p 00000000 00:00 0 
7ffd00000-7ffd77000 rw-p 00c9f000 08:05 4460533                          /usr/lib/jvm/java-17-openjdk-amd64/lib/server/classes.jsa
7ffd77000-7ffe00000 rw-p 00000000 00:00 0 
7ffe00000-7ffe83000 rw-p 00c1c000 08:05 4460533                          /usr/lib/jvm/java-17-openjdk-amd64/lib/server/classes.jsa
7ffe83000-800000000 rw-p 00000000 00:00 0 
800000000-800459000 rw-p 00001000 08:05 4460533                          /usr/lib/jvm/java-17-openjdk-amd64/lib/server/classes.jsa
800459000-800be3000 r--p 0045a000 08:05 4460533                          /usr/lib/jvm/java-17-openjdk-amd64/lib/server/classes.jsa
800be3000-800c00000 ---p 00000000 00:00 0 
800c00000-800c20000 rw-p 00000000 00:00 0 
800c20000-800c40000 rw-p 00000000 00:00 0 
800c40000-800cc0000 rw-p 00000000 00:00 0 
800cc0000-800d00000 rw-p 00000000 00:00 0 
800d00000-800e40000 rw-p 00000000 00:00 0 
800e40000-800e80000 rw-p 00000000 00:00 0 
800e80000-800f70000 rw-p 00000000 00:00 0 
800f70000-800f80000 ---p 00000000 00:00 0 
800f80000-801130000 rw-p 00000000 00:00 0 
801130000-840c00000 ---p 00000000 00:00 0 
564bc9911000-564bc9912000 r--p 00000000 08:05 3938859                    /usr/lib/jvm/java-17-openjdk-amd64/bin/java
564bc9912000-564bc9913000 r-xp 00001000 08:05 3938859                    /usr/lib/jvm/java-17-openjdk-amd64/bin/java
564bc9913000-564bc9914000 r--p 00002000 08:05 3938859                    /usr/lib/jvm/java-17-openjdk-amd64/bin/java
564bc9914000-564bc9915000 r--p 00002000 08:05 3938859                    /usr/lib/jvm/java-17-openjdk-amd64/bin/java
564bc9915000-564bc9916000 rw-p 00003000 08:05 3938859                    /usr/lib/jvm/java-17-openjdk-amd64/bin/java
564bcaa87000-564bcaace000 rw-p 00000000 00:00 0                          [heap]
7f8184000000-7f8184021000 rw-p 00000000 00:00 0 
7f8184021000-7f8188000000 ---p 00000000 00:00 0 
7f8188000000-7f8188021000 rw-p 00000000 00:00 0 
7f8188021000-7f818c000000 ---p 00000000 00:00 0 
7f818c000000-7f818c021000 rw-p 00000000 00:00 0 
7f818c021000-7f8190000000 ---p 00000000 00:00 0 
7f81902e0000-7f8198000000 r--s 00000000 08:05 3945351                    /usr/lib/jvm/java-17-openjdk-amd64/lib/modules
7f8198000000-7f819809f000 rw-p 00000000 00:00 0 
7f819809f000-7f819c000000 ---p 00000000 00:00 0 
7f819c000000-7f819c021000 rw-p 00000000 00:00 0 
7f819c021000-7f81a0000000 ---p 00000000 00:00 0 
7f81a0000000-7f81a04b1000 rw-p 00000000 00:00 0 
7f81a04b1000-7f81a4000000 ---p 00000000 00:00 0 
7f81a65fc000-7f81a65fd000 ---p 00000000 00:00 0 
7f81a65fd000-7f81a66fe000 rw-p 00000000 00:00 0 
7f81a66fe000-7f81a66ff000 ---p 00000000 00:00 0 
7f81a66ff000-7f81a6910000 rw-p 00000000 00:00 0 
7f81a6910000-7f81a7000000 ---p 00000000 00:00 0 
7f81a7000000-7f81a7800000 rw-p 00000000 00:00 0 
7f81a7800000-7f81a7ba0000 rw-p 00000000 00:00 0 
7f81a7ba0000-7f81a7c00000 ---p 00000000 00:00 0 
7f81a7c00000-7f81a8000000 rw-p 00000000 00:00 0 
7f81a8000000-7f81a8021000 rw-p 00000000 00:00 0 
7f81a8021000-7f81ac000000 ---p 00000000 00:00 0 
7f81ac000000-7f81ac29b000 rw-p 00000000 00:00 0 
7f81ac29b000-7f81b0000000 ---p 00000000 00:00 0 
7f81b0000000-7f81b0021000 rw-p 00000000 00:00 0 
7f81b0021000-7f81b4000000 ---p 00000000 00:00 0 
7f81b4000000-7f81b4021000 rw-p 00000000 00:00 0 
7f81b4021000-7f81b8000000 ---p 00000000 00:00 0 
7f81b8000000-7f81b804e000 rw-p 00000000 00:00 0 
7f81b804e000-7f81bc000000 ---p 00000000 00:00 0 
7f81bc000000-7f81bc021000 rw-p 00000000 00:00 0 
7f81bc021000-7f81c0000000 ---p 00000000 00:00 0 
7f81c0000000-7f81c0021000 rw-p 00000000 00:00 0 
7f81c0021000-7f81c4000000 ---p 00000000 00:00 0 
7f81c4000000-7f81c4021000 rw-p 00000000 00:00 0 
7f81c4021000-7f81c8000000 ---p 00000000 00:00 0 
7f81c8000000-7f81c8925000 rw-p 00000000 00:00 0 
7f81c8925000-7f81cc000000 ---p 00000000 00:00 0 
7f81cc000000-7f81cc021000 rw-p 00000000 00:00 0 
7f81cc021000-7f81d0000000 ---p 00000000 00:00 0 
7f81d0000000-7f81d0021000 rw-p 00000000 00:00 0 
7f81d0021000-7f81d4000000 ---p 00000000 00:00 0 
7f81d4000000-7f81d4021000 rw-p 00000000 00:00 0 
7f81d4021000-7f81d8000000 ---p 00000000 00:00 0 
7f81d8000000-7f81d8021000 rw-p 00000000 00:00 0 
7f81d8021000-7f81dc000000 ---p 00000000 00:00 0 
7f81dc000000-7f81dc021000 rw-p 00000000 00:00 0 
7f81dc021000-7f81e0000000 ---p 00000000 00:00 0 
7f81e0000000-7f81e0021000 rw-p 00000000 00:00 0 
7f81e0021000-7f81e4000000 ---p 00000000 00:00 0 
7f81e4000000-7f81e4021000 rw-p 00000000 00:00 0 
7f81e4021000-7f81e8000000 ---p 00000000 00:00 0 
7f81e8000000-7f81e8021000 rw-p 00000000 00:00 0 
7f81e8021000-7f81ec000000 ---p 00000000 00:00 0 
7f81ec000000-7f81ec021000 rw-p 00000000 00:00 0 
7f81ec021000-7f81f0000000 ---p 00000000 00:00 0 
7f81f0000000-7f81f0021000 rw-p 00000000 00:00 0 
7f81f0021000-7f81f4000000 ---p 00000000 00:00 0 
7f81f4000000-7f81f5836000 rw-p 00000000 00:00 0 
7f81f5836000-7f81f8000000 ---p 00000000 00:00 0 
7f81f8000000-7f81f8021000 rw-p 00000000 00:00 0 
7f81f8021000-7f81fc000000 ---p 00000000 00:00 0 
7f81fc000000-7f81fc021000 rw-p 00000000 00:00 0 
7f81fc021000-7f8200000000 ---p 00000000 00:00 0 
7f8200000000-7f8200b90000 rw-p 00000000 00:00 0 
7f8200b90000-7f8204000000 ---p 00000000 00:00 0 
7f8204000000-7f8204021000 rw-p 00000000 00:00 0 
7f8204021000-7f8208000000 ---p 00000000 00:00 0 
7f8208000000-7f8208021000 rw-p 00000000 00:00 0 
7f8208021000-7f820c000000 ---p 00000000 00:00 0 
7f820c000000-7f820dc09000 rw-p 00000000 00:00 0 
7f820dc09000-7f8210000000 ---p 00000000 00:00 0 
7f8210000000-7f8210021000 rw-p 00000000 00:00 0 
7f8210021000-7f8214000000 ---p 00000000 00:00 0 
7f8214000000-7f8214021000 rw-p 00000000 00:00 0 
7f8214021000-7f8218000000 ---p 00000000 00:00 0 
7f8218000000-7f8218021000 rw-p 00000000 00:00 0 
7f8218021000-7f821c000000 ---p 00000000 00:00 0 
7f821c000000-7f821c021000 rw-p 00000000 00:00 0 
7f821c021000-7f8220000000 ---p 00000000 00:00 0 
7f8220000000-7f8220021000 rw-p 00000000 00:00 0 
7f8220021000-7f8224000000 ---p 00000000 00:00 0 
7f8224000000-7f8224021000 rw-p 00000000 00:00 0 
7f8224021000-7f8228000000 ---p 00000000 00:00 0 
7f8228000000-7f8228021000 rw-p 00000000 00:00 0 
7f8228021000-7f822c000000 ---p 00000000 00:00 0 
7f822c0fa000-7f822c0fe000 ---p 00000000 00:00 0 
7f822c0fe000-7f822c1fa000 rw-p 00000000 00:00 0 
7f822c1fa000-7f822c1fb000 ---p 00000000 00:00 0 
7f822c1fb000-7f822c2fc000 rw-p 00000000 00:00 0 
7f822c2fc000-7f822c2fd000 ---p 00000000 00:00 0 
7f822c2fd000-7f822c3fe000 rw-p 00000000 00:00 0 
7f822c3fe000-7f822c402000 ---p 00000000 00:00 0 
7f822c402000-7f822c4fe000 rw-p 00000000 00:00 0 
7f822c4fe000-7f822c502000 ---p 00000000 00:00 0 
7f822c502000-7f822c5fe000 rw-p 00000000 00:00 0 
7f822c5fe000-7f822c602000 ---p 00000000 00:00 0 
7f822c602000-7f822c6fe000 rw-p 00000000 00:00 0 
7f822c6fe000-7f822c6ff000 ---p 00000000 00:00 0 
7f822c6ff000-7f822cb60000 rw-p 00000000 00:00 0 
7f822cb60000-7f822cb80000 rw-p 00000000 00:00 0 
7f822cb80000-7f822cd00000 rw-p 00000000 00:00 0 
7f822cd00000-7f822ce00000 rw-p 00000000 00:00 0 
7f822ce00000-7f822d000000 rw-p 00000000 00:00 0 
7f822d000000-7f822d004000 ---p 00000000 00:00 0 
7f822d004000-7f822d100000 rw-p 00000000 00:00 0 
7f822d100000-7f822d104000 ---p 00000000 00:00 0 
7f822d104000-7f822d200000 rw-p 00000000 00:00 0 
7f822d200000-7f822d204000 ---p 00000000 00:00 0 
7f822d204000-7f822d300000 rw-p 00000000 00:00 0 
7f822d300000-7f822d304000 ---p 00000000 00:00 0 
7f822d304000-7f822d700000 rw-p 00000000 00:00 0 
7f822d700000-7f822d800000 rw-p 00000000 00:00 0 
7f822d800000-7f822dc00000 rw-p 00000000 00:00 0 
7f822dc00000-7f822dc10000 r-xp 00000000 08:05 409613                     /home/unknow/.vim/bundle/YouCompleteMe/third_party/ycmd/third_party/eclipse.jdt.ls/workspace/config_linux/org.eclipse.equinox.launcher/org.eclipse.equinox.launcher.gtk.linux.x86_64_1.2.500.v20220509-0833/eclipse_11701.so
7f822dc10000-7f822de0f000 ---p 00010000 08:05 409613                     /home/unknow/.vim/bundle/YouCompleteMe/third_party/ycmd/third_party/eclipse.jdt.ls/workspace/config_linux/org.eclipse.equinox.launcher/org.eclipse.equinox.launcher.gtk.linux.x86_64_1.2.500.v20220509-0833/eclipse_11701.so
7f822de0f000-7f822de10000 r--p 0000f000 08:05 409613                     /home/unknow/.vim/bundle/YouCompleteMe/third_party/ycmd/third_party/eclipse.jdt.ls/workspace/config_linux/org.eclipse.equinox.launcher/org.eclipse.equinox.launcher.gtk.linux.x86_64_1.2.500.v20220509-0833/eclipse_11701.so
7f822de10000-7f822de11000 rw-p 00010000 08:05 409613                     /home/unknow/.vim/bundle/YouCompleteMe/third_party/ycmd/third_party/eclipse.jdt.ls/workspace/config_linux/org.eclipse.equinox.launcher/org.eclipse.equinox.launcher.gtk.linux.x86_64_1.2.500.v20220509-0833/eclipse_11701.so
7f822de11000-7f822de12000 rw-p 00000000 00:00 0 
7f822df00000-7f822df04000 ---p 00000000 00:00 0 
7f822df04000-7f8230000000 rw-p 00000000 00:00 0 
7f8230000000-7f8230021000 rw-p 00000000 00:00 0 
7f8230021000-7f8234000000 ---p 00000000 00:00 0 
7f8234000000-7f8234021000 rw-p 00000000 00:00 0 
7f8234021000-7f8238000000 ---p 00000000 00:00 0 
7f8238000000-7f8238021000 rw-p 00000000 00:00 0 
7f8238021000-7f823c000000 ---p 00000000 00:00 0 
7f823c059000-7f823c05d000 r--p 00000000 08:05 3945349                    /usr/lib/jvm/java-17-openjdk-amd64/lib/libverify.so
7f823c05d000-7f823c064000 r-xp 00004000 08:05 3945349                    /usr/lib/jvm/java-17-openjdk-amd64/lib/libverify.so
7f823c064000-7f823c066000 r--p 0000b000 08:05 3945349                    /usr/lib/jvm/java-17-openjdk-amd64/lib/libverify.so
7f823c066000-7f823c068000 r--p 0000c000 08:05 3945349                    /usr/lib/jvm/java-17-openjdk-amd64/lib/libverify.so
7f823c068000-7f823c069000 rw-p 0000e000 08:05 3945349                    /usr/lib/jvm/java-17-openjdk-amd64/lib/libverify.so
7f823c069000-7f823c06d000 ---p 00000000 00:00 0 
7f823c06d000-7f823c169000 rw-p 00000000 00:00 0 
7f823c169000-7f823c16d000 ---p 00000000 00:00 0 
7f823c16d000-7f823c269000 rw-p 00000000 00:00 0 
7f823c269000-7f823c26a000 r--p 00000000 08:05 3948130                    /usr/lib/x86_64-linux-gnu/libdl.so.2
7f823c26a000-7f823c26b000 r-xp 00001000 08:05 3948130                    /usr/lib/x86_64-linux-gnu/libdl.so.2
7f823c26b000-7f823c26c000 r--p 00002000 08:05 3948130                    /usr/lib/x86_64-linux-gnu/libdl.so.2
7f823c26c000-7f823c26d000 r--p 00002000 08:05 3948130                    /usr/lib/x86_64-linux-gnu/libdl.so.2
7f823c26d000-7f823c26e000 rw-p 00003000 08:05 3948130                    /usr/lib/x86_64-linux-gnu/libdl.so.2
7f823c26e000-7f823c26f000 r--p 00000000 08:05 3948148                    /usr/lib/x86_64-linux-gnu/libpthread.so.0
7f823c26f000-7f823c270000 r-xp 00001000 08:05 3948148                    /usr/lib/x86_64-linux-gnu/libpthread.so.0
7f823c270000-7f823c271000 r--p 00002000 08:05 3948148                    /usr/lib/x86_64-linux-gnu/libpthread.so.0
7f823c271000-7f823c272000 r--p 00002000 08:05 3948148                    /usr/lib/x86_64-linux-gnu/libpthread.so.0
7f823c272000-7f823c273000 rw-p 00003000 08:05 3948148                    /usr/lib/x86_64-linux-gnu/libpthread.so.0
7f823c27c000-7f823c27e000 r--p 00000000 08:05 3945298                    /usr/lib/jvm/java-17-openjdk-amd64/lib/libmanagement_ext.so
7f823c27e000-7f823c281000 r-xp 00002000 08:05 3945298                    /usr/lib/jvm/java-17-openjdk-amd64/lib/libmanagement_ext.so
7f823c281000-7f823c283000 r--p 00005000 08:05 3945298                    /usr/lib/jvm/java-17-openjdk-amd64/lib/libmanagement_ext.so
7f823c283000-7f823c284000 r--p 00006000 08:05 3945298                    /usr/lib/jvm/java-17-openjdk-amd64/lib/libmanagement_ext.so
7f823c284000-7f823c285000 rw-p 00007000 08:05 3945298                    /usr/lib/jvm/java-17-openjdk-amd64/lib/libmanagement_ext.so
7f823c285000-7f823c287000 r--p 00000000 08:05 3945296                    /usr/lib/jvm/java-17-openjdk-amd64/lib/libmanagement.so
7f823c287000-7f823c288000 r-xp 00002000 08:05 3945296                    /usr/lib/jvm/java-17-openjdk-amd64/lib/libmanagement.so
7f823c288000-7f823c289000 r--p 00003000 08:05 3945296                    /usr/lib/jvm/java-17-openjdk-amd64/lib/libmanagement.so
7f823c289000-7f823c28a000 r--p 00003000 08:05 3945296                    /usr/lib/jvm/java-17-openjdk-amd64/lib/libmanagement.so
7f823c28a000-7f823c28b000 rw-p 00004000 08:05 3945296                    /usr/lib/jvm/java-17-openjdk-amd64/lib/libmanagement.so
7f823c28b000-7f823c28f000 ---p 00000000 00:00 0 
7f823c28f000-7f823c38b000 rw-p 00000000 00:00 0 
7f823c38b000-7f823c38f000 ---p 00000000 00:00 0 
7f823c38f000-7f823c48b000 rw-p 00000000 00:00 0 
7f823c48b000-7f823c48c000 ---p 00000000 00:00 0 
7f823c48c000-7f823c58d000 rw-p 00000000 00:00 0 
7f823c58d000-7f823c58e000 ---p 00000000 00:00 0 
7f823c58e000-7f823c68f000 rw-p 00000000 00:00 0 
7f823c68f000-7f823c690000 ---p 00000000 00:00 0 
7f823c690000-7f823c791000 rw-p 00000000 00:00 0 
7f823c791000-7f823c792000 ---p 00000000 00:00 0 
7f823c792000-7f823c893000 rw-p 00000000 00:00 0 
7f823c893000-7f823c894000 ---p 00000000 00:00 0 
7f823c894000-7f823c995000 rw-p 00000000 00:00 0 
7f823c995000-7f823c999000 ---p 00000000 00:00 0 
7f823c999000-7f823ca95000 rw-p 00000000 00:00 0 
7f823ca95000-7f823ca99000 ---p 00000000 00:00 0 
7f823ca99000-7f823cab7000 rw-p 00000000 00:00 0 
7f823cab7000-7f823cabb000 ---p 00000000 00:00 0 
7f823cabb000-7f823cbb7000 rw-p 00000000 00:00 0 
7f823cbb7000-7f823cbdb000 r--p 00000000 08:05 393604                     /usr/share/locale-langpack/pt_BR/LC_MESSAGES/libc.mo
7f823cbdb000-7f823cbdf000 r--p 00000000 08:05 3945300                    /usr/lib/jvm/java-17-openjdk-amd64/lib/libnet.so
7f823cbdf000-7f823cbed000 r-xp 00004000 08:05 3945300                    /usr/lib/jvm/java-17-openjdk-amd64/lib/libnet.so
7f823cbed000-7f823cbf1000 r--p 00012000 08:05 3945300                    /usr/lib/jvm/java-17-openjdk-amd64/lib/libnet.so
7f823cbf1000-7f823cbf2000 r--p 00015000 08:05 3945300                    /usr/lib/jvm/java-17-openjdk-amd64/lib/libnet.so
7f823cbf2000-7f823cbf3000 rw-p 00016000 08:05 3945300                    /usr/lib/jvm/java-17-openjdk-amd64/lib/libnet.so
7f823cbf3000-7f823cbf9000 r--p 00000000 08:05 3945301                    /usr/lib/jvm/java-17-openjdk-amd64/lib/libnio.so
7f823cbf9000-7f823cc02000 r-xp 00006000 08:05 3945301                    /usr/lib/jvm/java-17-openjdk-amd64/lib/libnio.so
7f823cc02000-7f823cc06000 r--p 0000f000 08:05 3945301                    /usr/lib/jvm/java-17-openjdk-amd64/lib/libnio.so
7f823cc06000-7f823cc07000 ---p 00013000 08:05 3945301                    /usr/lib/jvm/java-17-openjdk-amd64/lib/libnio.so
7f823cc07000-7f823cc08000 r--p 00013000 08:05 3945301                    /usr/lib/jvm/java-17-openjdk-amd64/lib/libnio.so
7f823cc08000-7f823cc09000 rw-p 00014000 08:05 3945301                    /usr/lib/jvm/java-17-openjdk-amd64/lib/libnio.so
7f823cc09000-7f823cc0d000 ---p 00000000 00:00 0 
7f823cc0d000-7f823cd09000 rw-p 00000000 00:00 0 
7f823cd09000-7f823cd0a000 ---p 00000000 00:00 0 
7f823cd0a000-7f823ce0b000 rw-p 00000000 00:00 0 
7f823ce0b000-7f823ce0f000 ---p 00000000 00:00 0 
7f823ce0f000-7f823cf0b000 rw-p 00000000 00:00 0 
7f823cf0b000-7f823cf0f000 ---p 00000000 00:00 0 
7f823cf0f000-7f823d00b000 rw-p 00000000 00:00 0 
7f823d00b000-7f823d00f000 ---p 00000000 00:00 0 
7f823d00f000-7f823d10b000 rw-p 00000000 00:00 0 
7f823d10b000-7f823d680000 r--p 00000000 08:05 3938636                    /usr/lib/locale/locale-archive
7f823d680000-7f823dac0000 rw-p 00000000 00:00 0 
7f823dac0000-7f82414a0000 ---p 00000000 00:00 0 
7f82414a0000-7f82418f0000 rw-p 00000000 00:00 0 
7f82418f0000-7f82452d0000 ---p 00000000 00:00 0 
7f82452d0000-7f82452e0000 rw-p 00000000 00:00 0 
7f82452e0000-7f8245550000 rwxp 00000000 00:00 0 
7f8245550000-7f8245871000 ---p 00000000 00:00 0 
7f8245871000-7f82462d1000 rwxp 00000000 00:00 0 
7f82462d1000-7f824cda8000 ---p 00000000 00:00 0 
7f824cda8000-7f824d018000 rwxp 00000000 00:00 0 
7f824d018000-7f82542e0000 ---p 00000000 00:00 0 
7f82542e0000-7f825c000000 r--s 00000000 08:05 3945351                    /usr/lib/jvm/java-17-openjdk-amd64/lib/modules
7f825c000000-7f825c56b000 rw-p 00000000 00:00 0 
7f825c56b000-7f8260000000 ---p 00000000 00:00 0 
7f8260000000-7f8260004000 ---p 00000000 00:00 0 
7f8260004000-7f8260100000 rw-p 00000000 00:00 0 
7f8260100000-7f8260104000 ---p 00000000 00:00 0 
7f8260104000-7f8260200000 rw-p 00000000 00:00 0 
7f8260200000-7f8260204000 ---p 00000000 00:00 0 
7f8260204000-7f8260300000 rw-p 00000000 00:00 0 
7f8260300000-7f8260304000 ---p 00000000 00:00 0 
7f8260304000-7f8260800000 rw-p 00000000 00:00 0 
7f8260800000-7f8260c00000 rw-p 00000000 00:00 0 
7f8260c00000-7f8260c07000 r--s 00000000 08:05 4470664                    /usr/lib/x86_64-linux-gnu/gconv/gconv-modules.cache
7f8260c07000-7f8260c0b000 ---p 00000000 00:00 0 
7f8260c0b000-7f8260d07000 rw-p 00000000 00:00 0 
7f8260d07000-7f8260d0b000 ---p 00000000 00:00 0 
7f8260d0b000-7f8260e07000 rw-p 00000000 00:00 0 
7f8260e07000-7f8260e08000 ---p 00000000 00:00 0 
7f8260e08000-7f8260f09000 rw-p 00000000 00:00 0 
7f8260f09000-7f8260f0e000 r--p 00000000 08:05 3945294                    /usr/lib/jvm/java-17-openjdk-amd64/lib/libjsvml.so
7f8260f0e000-7f8260f4f000 r-xp 00005000 08:05 3945294                    /usr/lib/jvm/java-17-openjdk-amd64/lib/libjsvml.so
7f8260f4f000-7f8260fd8000 r--p 00046000 08:05 3945294                    /usr/lib/jvm/java-17-openjdk-amd64/lib/libjsvml.so
7f8260fd8000-7f8260fd9000 r--p 000ce000 08:05 3945294                    /usr/lib/jvm/java-17-openjdk-amd64/lib/libjsvml.so
7f8260fd9000-7f8260fda000 rw-p 000cf000 08:05 3945294                    /usr/lib/jvm/java-17-openjdk-amd64/lib/libjsvml.so
7f8260fda000-7f82610f7000 rw-p 00000000 00:00 0 
7f82610f7000-7f82610f8000 ---p 00000000 00:00 0 
7f82610f8000-7f82611f9000 rw-p 00000000 00:00 0 
7f82611f9000-7f82611fa000 ---p 00000000 00:00 0 
7f82611fa000-7f8261901000 rw-p 00000000 00:00 0 
7f8261901000-7f8261902000 ---p 00000000 00:00 0 
7f8261902000-7f8261a03000 rw-p 00000000 00:00 0 
7f8261a03000-7f8261a04000 ---p 00000000 00:00 0 
7f8261a04000-7f8261b05000 rw-p 00000000 00:00 0 
7f8261b05000-7f8261b06000 ---p 00000000 00:00 0 
7f8261b06000-7f8261d10000 rw-p 00000000 00:00 0 
7f8261d10000-7f826244c000 ---p 00000000 00:00 0 
7f826244c000-7f82624d6000 rw-p 00000000 00:00 0 
7f82624d6000-7f8262c12000 ---p 00000000 00:00 0 
7f8262c12000-7f8262c9c000 rw-p 00000000 00:00 0 
7f8262c9c000-7f82633d8000 ---p 00000000 00:00 0 
7f82633d8000-7f82639e5000 rw-p 00000000 00:00 0 
7f82639e5000-7f8263acb000 ---p 00000000 00:00 0 
7f8263acb000-7f8263ae0000 rw-p 00000000 00:00 0 
7f8263ae0000-7f8263bb6000 ---p 00000000 00:00 0 
7f8263bb6000-7f8263bbb000 rw-p 00000000 00:00 0 
7f8263bbb000-7f8263bc2000 ---p 00000000 00:00 0 
7f8263bc2000-7f8263bc4000 r--p 00000000 08:05 3945350                    /usr/lib/jvm/java-17-openjdk-amd64/lib/libzip.so
7f8263bc4000-7f8263bc9000 r-xp 00002000 08:05 3945350                    /usr/lib/jvm/java-17-openjdk-amd64/lib/libzip.so
7f8263bc9000-7f8263bcb000 r--p 00007000 08:05 3945350                    /usr/lib/jvm/java-17-openjdk-amd64/lib/libzip.so
7f8263bcb000-7f8263bcc000 r--p 00008000 08:05 3945350                    /usr/lib/jvm/java-17-openjdk-amd64/lib/libzip.so
7f8263bcc000-7f8263bcd000 rw-p 00009000 08:05 3945350                    /usr/lib/jvm/java-17-openjdk-amd64/lib/libzip.so
7f8263bcd000-7f8263bd9000 r--p 00000000 08:05 3945287                    /usr/lib/jvm/java-17-openjdk-amd64/lib/libjava.so
7f8263bd9000-7f8263bec000 r-xp 0000c000 08:05 3945287                    /usr/lib/jvm/java-17-openjdk-amd64/lib/libjava.so
7f8263bec000-7f8263bf2000 r--p 0001f000 08:05 3945287                    /usr/lib/jvm/java-17-openjdk-amd64/lib/libjava.so
7f8263bf2000-7f8263bf3000 r--p 00024000 08:05 3945287                    /usr/lib/jvm/java-17-openjdk-amd64/lib/libjava.so
7f8263bf3000-7f8263bf4000 rw-p 00025000 08:05 3945287                    /usr/lib/jvm/java-17-openjdk-amd64/lib/libjava.so
7f8263bf4000-7f8263bf5000 rw-p 00000000 00:00 0 
7f8263bf5000-7f8263bf9000 ---p 00000000 00:00 0 
7f8263bf9000-7f8263cf5000 rw-p 00000000 00:00 0 
7f8263cf5000-7f8263cf8000 r--p 00000000 08:05 3933504                    /usr/lib/x86_64-linux-gnu/libgcc_s.so.1
7f8263cf8000-7f8263d0f000 r-xp 00003000 08:05 3933504                    /usr/lib/x86_64-linux-gnu/libgcc_s.so.1
7f8263d0f000-7f8263d13000 r--p 0001a000 08:05 3933504                    /usr/lib/x86_64-linux-gnu/libgcc_s.so.1
7f8263d13000-7f8263d14000 r--p 0001d000 08:05 3933504                    /usr/lib/x86_64-linux-gnu/libgcc_s.so.1
7f8263d14000-7f8263d15000 rw-p 0001e000 08:05 3933504                    /usr/lib/x86_64-linux-gnu/libgcc_s.so.1
7f8263d15000-7f8263d23000 r--p 00000000 08:05 3948132                    /usr/lib/x86_64-linux-gnu/libm.so.6
7f8263d23000-7f8263d9f000 r-xp 0000e000 08:05 3948132                    /usr/lib/x86_64-linux-gnu/libm.so.6
7f8263d9f000-7f8263dfa000 r--p 0008a000 08:05 3948132                    /usr/lib/x86_64-linux-gnu/libm.so.6
7f8263dfa000-7f8263dfb000 r--p 000e4000 08:05 3948132                    /usr/lib/x86_64-linux-gnu/libm.so.6
7f8263dfb000-7f8263dfc000 rw-p 000e5000 08:05 3948132                    /usr/lib/x86_64-linux-gnu/libm.so.6
7f8263dfc000-7f8263e96000 r--p 00000000 08:05 3937505                    /usr/lib/x86_64-linux-gnu/libstdc++.so.6.0.30
7f8263e96000-7f8263fa6000 r-xp 0009a000 08:05 3937505                    /usr/lib/x86_64-linux-gnu/libstdc++.so.6.0.30
7f8263fa6000-7f8264015000 r--p 001aa000 08:05 3937505                    /usr/lib/x86_64-linux-gnu/libstdc++.so.6.0.30
7f8264015000-7f8264020000 r--p 00218000 08:05 3937505                    /usr/lib/x86_64-linux-gnu/libstdc++.so.6.0.30
7f8264020000-7f8264023000 rw-p 00223000 08:05 3937505                    /usr/lib/x86_64-linux-gnu/libstdc++.so.6.0.30
7f8264023000-7f8264026000 rw-p 00000000 00:00 0 
7f8264026000-7f8264276000 r--p 00000000 08:05 4475148                    /usr/lib/jvm/java-17-openjdk-amd64/lib/server/libjvm.so
7f8264276000-7f8264ff1000 r-xp 00250000 08:05 4475148                    /usr/lib/jvm/java-17-openjdk-amd64/lib/server/libjvm.so
7f8264ff1000-7f8265272000 r--p 00fcb000 08:05 4475148                    /usr/lib/jvm/java-17-openjdk-amd64/lib/server/libjvm.so
7f8265272000-7f8265273000 ---p 0124c000 08:05 4475148                    /usr/lib/jvm/java-17-openjdk-amd64/lib/server/libjvm.so
7f8265273000-7f826532b000 r--p 0124c000 08:05 4475148                    /usr/lib/jvm/java-17-openjdk-amd64/lib/server/libjvm.so
7f826532b000-7f8265360000 rw-p 01304000 08:05 4475148                    /usr/lib/jvm/java-17-openjdk-amd64/lib/server/libjvm.so
7f8265360000-7f82653bc000 rw-p 00000000 00:00 0 
7f82653bc000-7f82653be000 r--p 00000000 08:05 3934930                    /usr/lib/x86_64-linux-gnu/libz.so.1.2.11
7f82653be000-7f82653cf000 r-xp 00002000 08:05 3934930                    /usr/lib/x86_64-linux-gnu/libz.so.1.2.11
7f82653cf000-7f82653d5000 r--p 00013000 08:05 3934930                    /usr/lib/x86_64-linux-gnu/libz.so.1.2.11
7f82653d5000-7f82653d6000 ---p 00019000 08:05 3934930                    /usr/lib/x86_64-linux-gnu/libz.so.1.2.11
7f82653d6000-7f82653d7000 r--p 00019000 08:05 3934930                    /usr/lib/x86_64-linux-gnu/libz.so.1.2.11
7f82653d7000-7f82653d8000 rw-p 0001a000 08:05 3934930                    /usr/lib/x86_64-linux-gnu/libz.so.1.2.11
7f82653d8000-7f8265400000 r--p 00000000 08:05 3948127                    /usr/lib/x86_64-linux-gnu/libc.so.6
7f8265400000-7f8265595000 r-xp 00028000 08:05 3948127                    /usr/lib/x86_64-linux-gnu/libc.so.6
7f8265595000-7f82655ed000 r--p 001bd000 08:05 3948127                    /usr/lib/x86_64-linux-gnu/libc.so.6
7f82655ed000-7f82655f1000 r--p 00214000 08:05 3948127                    /usr/lib/x86_64-linux-gnu/libc.so.6
7f82655f1000-7f82655f3000 rw-p 00218000 08:05 3948127                    /usr/lib/x86_64-linux-gnu/libc.so.6
7f82655f3000-7f8265600000 rw-p 00000000 00:00 0 
7f8265603000-7f8265605000 r--s 0000c000 08:05 4587559                    /usr/share/java/java-atk-wrapper.jar
7f8265605000-7f826560d000 rw-s 00000000 08:05 2639239                    /tmp/hsperfdata_unknow/8868
7f826560d000-7f826560e000 ---p 00000000 00:00 0 
7f826560e000-7f826560f000 r--p 00000000 00:00 0 
7f826560f000-7f8265611000 r--p 00000000 08:05 3945290                    /usr/lib/jvm/java-17-openjdk-amd64/lib/libjimage.so
7f8265611000-7f8265614000 r-xp 00002000 08:05 3945290                    /usr/lib/jvm/java-17-openjdk-amd64/lib/libjimage.so
7f8265614000-7f8265615000 r--p 00005000 08:05 3945290                    /usr/lib/jvm/java-17-openjdk-amd64/lib/libjimage.so
7f8265615000-7f8265616000 ---p 00006000 08:05 3945290                    /usr/lib/jvm/java-17-openjdk-amd64/lib/libjimage.so
7f8265616000-7f8265617000 r--p 00006000 08:05 3945290                    /usr/lib/jvm/java-17-openjdk-amd64/lib/libjimage.so
7f8265617000-7f8265618000 rw-p 00007000 08:05 3945290                    /usr/lib/jvm/java-17-openjdk-amd64/lib/libjimage.so
7f8265618000-7f826561a000 r--p 00000000 08:05 3945291                    /usr/lib/jvm/java-17-openjdk-amd64/lib/libjli.so
7f826561a000-7f8265624000 r-xp 00002000 08:05 3945291                    /usr/lib/jvm/java-17-openjdk-amd64/lib/libjli.so
7f8265624000-7f8265627000 r--p 0000c000 08:05 3945291                    /usr/lib/jvm/java-17-openjdk-amd64/lib/libjli.so
7f8265627000-7f8265628000 r--p 0000e000 08:05 3945291                    /usr/lib/jvm/java-17-openjdk-amd64/lib/libjli.so
7f8265628000-7f8265629000 rw-p 0000f000 08:05 3945291                    /usr/lib/jvm/java-17-openjdk-amd64/lib/libjli.so
7f8265629000-7f826562b000 rw-p 00000000 00:00 0 
7f826562b000-7f826562d000 r--p 00000000 08:05 3932690                    /usr/lib/x86_64-linux-gnu/ld-linux-x86-64.so.2
7f826562d000-7f8265657000 r-xp 00002000 08:05 3932690                    /usr/lib/x86_64-linux-gnu/ld-linux-x86-64.so.2
7f8265657000-7f8265662000 r--p 0002c000 08:05 3932690                    /usr/lib/x86_64-linux-gnu/ld-linux-x86-64.so.2
7f8265662000-7f8265663000 ---p 00000000 00:00 0 
7f8265663000-7f8265665000 r--p 00037000 08:05 3932690                    /usr/lib/x86_64-linux-gnu/ld-linux-x86-64.so.2
7f8265665000-7f8265667000 rw-p 00039000 08:05 3932690                    /usr/lib/x86_64-linux-gnu/ld-linux-x86-64.so.2
7ffc54fbc000-7ffc54fde000 rw-p 00000000 00:00 0                          [stack]
7ffc54fe1000-7ffc54fe5000 r--p 00000000 00:00 0                          [vvar]
7ffc54fe5000-7ffc54fe7000 r-xp 00000000 00:00 0                          [vdso]
ffffffffff600000-ffffffffff601000 --xp 00000000 00:00 0                  [vsyscall]


VM Arguments:
jvm_args: -Dfile.encoding=UTF-8 -Declipse.application=org.eclipse.jdt.ls.core.id1 -Dosgi.bundles.defaultStartLevel=4 -Declipse.product=org.eclipse.jdt.ls.core.product -Dlog.level=ALL 
java_command: /home/unknow/.vim/bundle/YouCompleteMe/third_party/ycmd/third_party/eclipse.jdt.ls/target/repository/plugins/org.eclipse.equinox.launcher_1.6.400.v20210924-0641.jar -configuration /home/unknow/.vim/bundle/YouCompleteMe/third_party/ycmd/third_party/eclipse.jdt.ls/workspace/config_linux -data /home/unknow/.vim/bundle/YouCompleteMe/third_party/ycmd/third_party/eclipse.jdt.ls/workspace/temp/tmpigzurhr1
java_class_path (initial): /home/unknow/.vim/bundle/YouCompleteMe/third_party/ycmd/third_party/eclipse.jdt.ls/target/repository/plugins/org.eclipse.equinox.launcher_1.6.400.v20210924-0641.jar
Launcher Type: SUN_STANDARD

[Global flags]
     intx CICompilerCount                          = 3                                         {product} {ergonomic}
     uint ConcGCThreads                            = 2                                         {product} {ergonomic}
     uint G1ConcRefinementThreads                  = 6                                         {product} {ergonomic}
   size_t G1HeapRegionSize                         = 2097152                                   {product} {ergonomic}
    uintx GCDrainStackTargetSize                   = 64                                        {product} {ergonomic}
   size_t InitialHeapSize                          = 262144000                                 {product} {ergonomic}
   size_t MarkStackSize                            = 4194304                                   {product} {ergonomic}
   size_t MaxHeapSize                              = 4173332480                                {product} {ergonomic}
   size_t MaxNewSize                               = 2503999488                                {product} {ergonomic}
   size_t MinHeapDeltaBytes                        = 2097152                                   {product} {ergonomic}
   size_t MinHeapSize                              = 8388608                                   {product} {ergonomic}
    uintx NonNMethodCodeHeapSize                   = 5832780                                {pd product} {ergonomic}
    uintx NonProfiledCodeHeapSize                  = 122912730                              {pd product} {ergonomic}
    uintx ProfiledCodeHeapSize                     = 122912730                              {pd product} {ergonomic}
    uintx ReservedCodeCacheSize                    = 251658240                              {pd product} {ergonomic}
     bool SegmentedCodeCache                       = true                                      {product} {ergonomic}
   size_t SoftMaxHeapSize                          = 4173332480                             {manageable} {ergonomic}
     bool UseCompressedClassPointers               = true                           {product lp64_product} {ergonomic}
     bool UseCompressedOops                        = true                           {product lp64_product} {ergonomic}
     bool UseG1GC                                  = true                                      {product} {ergonomic}

Logging:
Log output configuration:
 #0: stdout all=warning uptime,level,tags
 #1: stderr all=off uptime,level,tags

Environment Variables:
PATH=/usr/local/sbin:/usr/local/bin:/usr/sbin:/usr/bin:/sbin:/bin:/usr/games:/usr/local/games:/snap/bin:/snap/bin
USERNAME=unknow
SHELL=/bin/bash
DISPLAY=:1
LANG=pt_BR.UTF-8
LC_NUMERIC=pt_BR.UTF-8
LC_TIME=pt_BR.UTF-8
TERM=xterm-256color

Signal Handlers:
   SIGSEGV: 0x00007f8264f71180 in libjvm.so+16036224, mask=11100100010111111101111111111110, flags=SA_RESTART|SA_SIGINFO
    SIGBUS: 0x00007f8264f71180 in libjvm.so+16036224, mask=11100100010111111101111111111110, flags=SA_RESTART|SA_SIGINFO
    SIGFPE: 0x00007f8264f71180 in libjvm.so+16036224, mask=11100100010111111101111111111110, flags=SA_RESTART|SA_SIGINFO
   SIGPIPE: 0x00007f8264e14bf0 in libjvm.so+14609392, mask=11100100010111111101111111111110, flags=SA_RESTART|SA_SIGINFO
   SIGXFSZ: 0x00007f8264e14bf0 in libjvm.so+14609392, mask=11100100010111111101111111111110, flags=SA_RESTART|SA_SIGINFO
    SIGILL: 0x00007f8264f71180 in libjvm.so+16036224, mask=11100100010111111101111111111110, flags=SA_RESTART|SA_SIGINFO
   SIGUSR2: 0x00007f8264e14270 in libjvm.so+14606960, mask=00000000000000000000000000000000, flags=SA_RESTART|SA_SIGINFO
    SIGHUP: 0x00007f8264e141a0 in libjvm.so+14606752, mask=11100100010111111101111111111110, flags=SA_RESTART|SA_SIGINFO
    SIGINT: 0x00007f8264e141a0 in libjvm.so+14606752, mask=11100100010111111101111111111110, flags=SA_RESTART|SA_SIGINFO
   SIGTERM: 0x00007f8264e141a0 in libjvm.so+14606752, mask=11100100010111111101111111111110, flags=SA_RESTART|SA_SIGINFO
   SIGQUIT: 0x00007f8264e141a0 in libjvm.so+14606752, mask=11100100010111111101111111111110, flags=SA_RESTART|SA_SIGINFO
  *** Handler was modified!
  *** Expected: 0x00007f8264e14bf0 in libjvm.so+14609392, mask=11100100110111111111111111111110, flags=SA_RESTART|SA_SIGINFO
   SIGTRAP: 0x00007f8264f71180 in libjvm.so+16036224, mask=11100100010111111101111111111110, flags=SA_RESTART|SA_SIGINFO


---------------  S Y S T E M  ---------------

OS:
DISTRIB_ID=Ubuntu
DISTRIB_RELEASE=22.04
DISTRIB_CODENAME=jammy
DISTRIB_DESCRIPTION="Ubuntu 22.04.1 LTS"
uname: Linux 5.15.0-56-generic #62-Ubuntu SMP Tue Nov 22 19:54:14 UTC 2022 x86_64
OS uptime: 0 days 0:55 hours
libc: glibc 2.35 NPTL 2.35 
rlimit (soft/hard): STACK 8192k/infinity , CORE 0k/infinity , NPROC 63401/63401 , NOFILE 1048576/1048576 , AS infinity/infinity , CPU infinity/infinity , DATA infinity/infinity , FSIZE infinity/infinity , MEMLOCK 2037676k/2037676k
load average: 1,18 0,76 0,70

/proc/meminfo:
MemTotal:       16301432 kB
MemFree:         8760536 kB
MemAvailable:   13142052 kB
Buffers:          840320 kB
Cached:          2839684 kB
SwapCached:            0 kB
Active:          1836140 kB
Inactive:        4220088 kB
Active(anon):       3232 kB
Inactive(anon):  2426048 kB
Active(file):    1832908 kB
Inactive(file):  1794040 kB
Unevictable:          32 kB
Mlocked:              32 kB
SwapTotal:      16687100 kB
SwapFree:       16687100 kB
Dirty:               592 kB
Writeback:             0 kB
AnonPages:       2376392 kB
Mapped:           770272 kB
Shmem:             63316 kB
KReclaimable:    1095008 kB
Slab:            1244556 kB
SReclaimable:    1095008 kB
SUnreclaim:       149548 kB
KernelStack:       13580 kB
PageTables:        37780 kB
NFS_Unstable:          0 kB
Bounce:                0 kB
WritebackTmp:          0 kB
CommitLimit:    24837816 kB
Committed_AS:    9358752 kB
VmallocTotal:   34359738367 kB
VmallocUsed:       84972 kB
VmallocChunk:          0 kB
Percpu:             8128 kB
HardwareCorrupted:     0 kB
AnonHugePages:         0 kB
ShmemHugePages:        0 kB
ShmemPmdMapped:        0 kB
FileHugePages:         0 kB
FilePmdMapped:         0 kB
HugePages_Total:       0
HugePages_Free:        0
HugePages_Rsvd:        0
HugePages_Surp:        0
Hugepagesize:       2048 kB
Hugetlb:               0 kB
DirectMap4k:      602312 kB
DirectMap2M:     7702528 kB
DirectMap1G:     8388608 kB

/sys/kernel/mm/transparent_hugepage/enabled: always [madvise] never
/sys/kernel/mm/transparent_hugepage/defrag (defrag/compaction efforts parameter): always defer defer+madvise [madvise] never

Process Memory:
Virtual Size: 8785608K (peak: 8785608K)
Resident Set Size: 390740K (peak: 390740K) (anon: 333420K, file: 57320K, shmem: 0K)
Swapped out: 0K
C-Heap outstanding allocations: 89881K, retained: 17038K
glibc malloc tunables: (default)

/proc/sys/kernel/threads-max (system-wide limit on the number of threads): 126802
/proc/sys/vm/max_map_count (maximum number of memory map areas a process may have): 65530
/proc/sys/kernel/pid_max (system-wide limit on number of process identifiers): 4194304

container (cgroup) information:
container_type: cgroupv2
cpu_cpuset_cpus: not supported
cpu_memory_nodes: not supported
active_processor_count: 6
cpu_quota: not supported
cpu_period: not supported
cpu_shares: not supported
memory_limit_in_bytes: unlimited
memory_and_swap_limit_in_bytes: unlimited
memory_soft_limit_in_bytes: unlimited
memory_usage_in_bytes: 574912 k
memory_max_usage_in_bytes: not supported
maximum number of tasks: 19020
current number of tasks: 61

Steal ticks since vm start: 0
Steal ticks percentage since vm start:  0,000

CPU: total 6 (initial active 6) (6 cores per cpu, 1 threads per core) family 6 model 158 stepping 10 microcode 0xf0, cx8, cmov, fxsr, mmx, 3dnowpref, sse, sse2, sse3, ssse3, sse4.1, sse4.2, popcnt, lzcnt, tsc, tscinvbit, avx, avx2, aes, erms, clmul, bmi1, bmi2, adx, fma, vzeroupper, clflush, clflushopt
CPU Model and flags from /proc/cpuinfo:
model name	: Intel(R) Core(TM) i5-9400F CPU @ 2.90GHz
flags		: fpu vme de pse tsc msr pae mce cx8 apic sep mtrr pge mca cmov pat pse36 clflush dts acpi mmx fxsr sse sse2 ss ht tm pbe syscall nx pdpe1gb rdtscp lm constant_tsc art arch_perfmon pebs bts rep_good nopl xtopology nonstop_tsc cpuid aperfmperf pni pclmulqdq dtes64 monitor ds_cpl vmx est tm2 ssse3 sdbg fma cx16 xtpr pdcm pcid sse4_1 sse4_2 x2apic movbe popcnt tsc_deadline_timer aes xsave avx f16c rdrand lahf_lm abm 3dnowprefetch cpuid_fault invpcid_single pti ssbd ibrs ibpb stibp tpr_shadow vnmi flexpriority ept vpid ept_ad fsgsbase tsc_adjust bmi1 avx2 smep bmi2 erms invpcid mpx rdseed adx smap clflushopt intel_pt xsaveopt xsavec xgetbv1 xsaves dtherm ida arat pln pts hwp hwp_notify hwp_act_window hwp_epp md_clear flush_l1d arch_capabilities

Online cpus: 0-5
Offline cpus: 
BIOS frequency limitation: <Not Available>
Frequency switch latency (ns): 0
Available cpu frequencies: <Not Available>
Current governor: powersave
Core performance/turbo boost: <Not Available>

Memory: 4k page, physical 16301432k(8760032k free), swap 16687100k(16687100k free)
Page Sizes: 4k

vm_info: OpenJDK 64-Bit Server VM (17.0.5+8-Ubuntu-2ubuntu122.04) for linux-amd64 JRE (17.0.5+8-Ubuntu-2ubuntu122.04), built on Oct 24 2022 13:04:44 by "buildd" with gcc 11.2.0

END.
